The target system is: Linux -  - arm
The host system is: Linux - 6.2.0-34-generic - x86_64
Compiling the C compiler identification source file "CMakeCCompilerId.c" succeeded.
Compiler: /opt/pxc/sdk/AXCF2152/2021.9/sysroots/x86_64-pokysdk-linux/usr/bin/arm-pxc-linux-gnueabi/arm-pxc-linux-gnueabi-gcc 
Build flags: ;;-mthumb;-mfpu=neon;-mfloat-abi=hard;-mcpu=cortex-a9
Id flags: -c 

The output was:
0


Compilation of the C compiler identification source "CMakeCCompilerId.c" produced "CMakeCCompilerId.o"

The C compiler identification is GNU, found in "/home/scytheman/Desktop/Proj/Hello-PLCnext/bin/AXCF2152_2021.9.0 (21.9.0.40)/CMakeFiles/3.22.1/CompilerIdC/CMakeCCompilerId.o"

Compiling the CXX compiler identification source file "CMakeCXXCompilerId.cpp" succeeded.
Compiler: /opt/pxc/sdk/AXCF2152/2021.9/sysroots/x86_64-pokysdk-linux/usr/bin/arm-pxc-linux-gnueabi/arm-pxc-linux-gnueabi-g++ 
Build flags: ;;-mthumb;-mfpu=neon;-mfloat-abi=hard;-mcpu=cortex-a9
Id flags: -c 

The output was:
0


Compilation of the CXX compiler identification source "CMakeCXXCompilerId.cpp" produced "CMakeCXXCompilerId.o"

The CXX compiler identification is GNU, found in "/home/scytheman/Desktop/Proj/Hello-PLCnext/bin/AXCF2152_2021.9.0 (21.9.0.40)/CMakeFiles/3.22.1/CompilerIdCXX/CMakeCXXCompilerId.o"

Detecting C compiler ABI info compiled with the following output:
Change Dir: /home/scytheman/Desktop/Proj/Hello-PLCnext/bin/AXCF2152_2021.9.0 (21.9.0.40)/CMakeFiles/CMakeTmp

Run Build Command(s):/usr/bin/ninja cmTC_a82b9 && [1/2] Building C object CMakeFiles/cmTC_a82b9.dir/CMakeCCompilerABI.c.o
Using built-in specs.
COLLECT_GCC=/opt/pxc/sdk/AXCF2152/2021.9/sysroots/x86_64-pokysdk-linux/usr/bin/arm-pxc-linux-gnueabi/arm-pxc-linux-gnueabi-gcc
Target: arm-pxc-linux-gnueabi
Configured with: ../../../../../../work-shared/gcc-9.3.0-r0/gcc-9.3.0/configure --build=x86_64-linux --host=x86_64-pokysdk-linux --target=arm-pxc-linux-gnueabi --prefix=/opt/pxc/2021.9/sysroots/x86_64-pokysdk-linux/usr --exec_prefix=/opt/pxc/2021.9/sysroots/x86_64-pokysdk-linux/usr --bindir=/opt/pxc/2021.9/sysroots/x86_64-pokysdk-linux/usr/bin/arm-pxc-linux-gnueabi --sbindir=/opt/pxc/2021.9/sysroots/x86_64-pokysdk-linux/usr/bin/arm-pxc-linux-gnueabi --libexecdir=/opt/pxc/2021.9/sysroots/x86_64-pokysdk-linux/usr/libexec/arm-pxc-linux-gnueabi --datadir=/opt/pxc/2021.9/sysroots/x86_64-pokysdk-linux/usr/share --sysconfdir=/opt/pxc/2021.9/sysroots/x86_64-pokysdk-linux/etc --sharedstatedir=/opt/pxc/2021.9/sysroots/x86_64-pokysdk-linux/com --localstatedir=/opt/pxc/2021.9/sysroots/x86_64-pokysdk-linux/var --libdir=/opt/pxc/2021.9/sysroots/x86_64-pokysdk-linux/usr/lib/arm-pxc-linux-gnueabi --includedir=/opt/pxc/2021.9/sysroots/x86_64-pokysdk-linux/usr/include --oldincludedir=/opt/pxc/2021.9/sysroots/x86_64-pokysdk-linux/usr/include --infodir=/opt/pxc/2021.9/sysroots/x86_64-pokysdk-linux/usr/share/info --mandir=/opt/pxc/2021.9/sysroots/x86_64-pokysdk-linux/usr/share/man --disable-silent-rules --disable-dependency-tracking --with-libtool-sysroot=/yocto/jenkins/workspace/ts_Yocto_AXCF2152_release_21.9.x/axcf2152_build/tmp/work/x86_64-nativesdk-pokysdk-linux/gcc-cross-canadian-arm/9.3.0-r0/recipe-sysroot --with-gnu-ld --enable-shared --enable-languages=c,c++ --enable-threads=posix --enable-multilib --enable-default-pie --enable-c99 --enable-long-long --enable-symvers=gnu --enable-libstdcxx-pch --program-prefix=arm-pxc-linux-gnueabi- --without-local-prefix --disable-install-libiberty --enable-lto --disable-libssp --enable-libitm --disable-bootstrap --disable-libmudflap --with-system-zlib --with-linker-hash-style=gnu --enable-linker-build-id --with-ppl=no --with-cloog=no --enable-checking=release --enable-cheaders=c_global --without-isl --with-gxx-include-dir=/not/exist/usr/include/c++/9.3.0 --with-build-time-tools=/yocto/jenkins/workspace/ts_Yocto_AXCF2152_release_21.9.x/axcf2152_build/tmp/work/x86_64-nativesdk-pokysdk-linux/gcc-cross-canadian-arm/9.3.0-r0/recipe-sysroot-native/usr/arm-pxc-linux-gnueabi/bin --with-sysroot=/not/exist --with-build-sysroot=/yocto/jenkins/workspace/ts_Yocto_AXCF2152_release_21.9.x/axcf2152_build/tmp/work/x86_64-nativesdk-pokysdk-linux/gcc-cross-canadian-arm/9.3.0-r0/recipe-sysroot --enable-poison-system-directories --disable-static --enable-nls --with-glibc-version=2.28 --enable-initfini-array
Thread model: posix
gcc version 9.3.0 (GCC) 
COLLECT_GCC_OPTIONS='--sysroot=/opt/pxc/sdk/AXCF2152/2021.9/sysroots/cortexa9t2hf-neon-pxc-linux-gnueabi' '-mthumb' '-mfpu=neon' '-mfloat-abi=hard' '-mcpu=cortex-a9' '-v' '-o' 'CMakeFiles/cmTC_a82b9.dir/CMakeCCompilerABI.c.o' '-c' '-mtls-dialect=gnu' '-march=armv7-a+mp+sec+simd'
 /opt/pxc/sdk/AXCF2152/2021.9/sysroots/x86_64-pokysdk-linux/usr/libexec/arm-pxc-linux-gnueabi/gcc/arm-pxc-linux-gnueabi/9.3.0/cc1 -quiet -v -isysroot /opt/pxc/sdk/AXCF2152/2021.9/sysroots/cortexa9t2hf-neon-pxc-linux-gnueabi /usr/share/cmake-3.22/Modules/CMakeCCompilerABI.c -quiet -dumpbase CMakeCCompilerABI.c -mthumb -mfpu=neon -mfloat-abi=hard -mcpu=cortex-a9 -mtls-dialect=gnu -march=armv7-a+mp+sec+simd -auxbase-strip CMakeFiles/cmTC_a82b9.dir/CMakeCCompilerABI.c.o -version -o /tmp/ccBHDtHQ.s
GNU C17 (GCC) version 9.3.0 (arm-pxc-linux-gnueabi)
	compiled by GNU C version 9.3.0, GMP version 6.2.0, MPFR version 4.0.2, MPC version 1.1.0, isl version none
GGC heuristics: --param ggc-min-expand=100 --param ggc-min-heapsize=131072
ignoring nonexistent directory "/opt/pxc/sdk/AXCF2152/2021.9/sysroots/cortexa9t2hf-neon-pxc-linux-gnueabi/usr/lib/arm-pxc-linux-gnueabi/9.3.0/include"
ignoring nonexistent directory "/opt/pxc/sdk/AXCF2152/2021.9/sysroots/cortexa9t2hf-neon-pxc-linux-gnueabi/usr/local/include"
ignoring nonexistent directory "/opt/pxc/sdk/AXCF2152/2021.9/sysroots/x86_64-pokysdk-linux/usr/lib/arm-pxc-linux-gnueabi/gcc/arm-pxc-linux-gnueabi/9.3.0/../../../../../arm-pxc-linux-gnueabi/include"
#include "..." search starts here:
#include <...> search starts here:
 /opt/pxc/sdk/AXCF2152/2021.9/sysroots/x86_64-pokysdk-linux/usr/lib/arm-pxc-linux-gnueabi/gcc/arm-pxc-linux-gnueabi/9.3.0/include
 /opt/pxc/sdk/AXCF2152/2021.9/sysroots/x86_64-pokysdk-linux/usr/lib/arm-pxc-linux-gnueabi/gcc/arm-pxc-linux-gnueabi/9.3.0/include-fixed
 /opt/pxc/sdk/AXCF2152/2021.9/sysroots/cortexa9t2hf-neon-pxc-linux-gnueabi/usr/include/
End of search list.
GNU C17 (GCC) version 9.3.0 (arm-pxc-linux-gnueabi)
	compiled by GNU C version 9.3.0, GMP version 6.2.0, MPFR version 4.0.2, MPC version 1.1.0, isl version none
GGC heuristics: --param ggc-min-expand=100 --param ggc-min-heapsize=131072
Compiler executable checksum: 9af36296a7d453b8a55871a5f1a8d499
COLLECT_GCC_OPTIONS='--sysroot=/opt/pxc/sdk/AXCF2152/2021.9/sysroots/cortexa9t2hf-neon-pxc-linux-gnueabi' '-mthumb' '-mfpu=neon' '-mfloat-abi=hard' '-mcpu=cortex-a9' '-v' '-o' 'CMakeFiles/cmTC_a82b9.dir/CMakeCCompilerABI.c.o' '-c' '-mtls-dialect=gnu' '-march=armv7-a+mp+sec+simd'
 /opt/pxc/sdk/AXCF2152/2021.9/sysroots/x86_64-pokysdk-linux/usr/libexec/arm-pxc-linux-gnueabi/gcc/arm-pxc-linux-gnueabi/9.3.0/as -v -march=armv7-a+mp+sec -mfloat-abi=hard -mfpu=neon -meabi=5 -o CMakeFiles/cmTC_a82b9.dir/CMakeCCompilerABI.c.o /tmp/ccBHDtHQ.s
GNU assembler version 2.34.0 (arm-pxc-linux-gnueabi) using BFD version (GNU Binutils) 2.34.0.20200220
COMPILER_PATH=/opt/pxc/sdk/AXCF2152/2021.9/sysroots/x86_64-pokysdk-linux/usr/libexec/arm-pxc-linux-gnueabi/gcc/arm-pxc-linux-gnueabi/9.3.0/:/opt/pxc/sdk/AXCF2152/2021.9/sysroots/x86_64-pokysdk-linux/usr/libexec/arm-pxc-linux-gnueabi/gcc/arm-pxc-linux-gnueabi/9.3.0/:/opt/pxc/sdk/AXCF2152/2021.9/sysroots/x86_64-pokysdk-linux/usr/libexec/arm-pxc-linux-gnueabi/gcc/arm-pxc-linux-gnueabi/:/opt/pxc/sdk/AXCF2152/2021.9/sysroots/x86_64-pokysdk-linux/usr/lib/arm-pxc-linux-gnueabi/gcc/arm-pxc-linux-gnueabi/9.3.0/:/opt/pxc/sdk/AXCF2152/2021.9/sysroots/x86_64-pokysdk-linux/usr/lib/arm-pxc-linux-gnueabi/gcc/arm-pxc-linux-gnueabi/
LIBRARY_PATH=/opt/pxc/sdk/AXCF2152/2021.9/sysroots/x86_64-pokysdk-linux/usr/lib/arm-pxc-linux-gnueabi/gcc/arm-pxc-linux-gnueabi/9.3.0/:/opt/pxc/sdk/AXCF2152/2021.9/sysroots/cortexa9t2hf-neon-pxc-linux-gnueabi/lib/:/opt/pxc/sdk/AXCF2152/2021.9/sysroots/cortexa9t2hf-neon-pxc-linux-gnueabi/usr/lib/arm-pxc-linux-gnueabi/9.3.0/:/opt/pxc/sdk/AXCF2152/2021.9/sysroots/cortexa9t2hf-neon-pxc-linux-gnueabi/usr/lib/
COLLECT_GCC_OPTIONS='--sysroot=/opt/pxc/sdk/AXCF2152/2021.9/sysroots/cortexa9t2hf-neon-pxc-linux-gnueabi' '-mthumb' '-mfpu=neon' '-mfloat-abi=hard' '-mcpu=cortex-a9' '-v' '-o' 'CMakeFiles/cmTC_a82b9.dir/CMakeCCompilerABI.c.o' '-c' '-mtls-dialect=gnu' '-march=armv7-a+mp+sec+simd'
[2/2] Linking C executable cmTC_a82b9
Using built-in specs.
COLLECT_GCC=/opt/pxc/sdk/AXCF2152/2021.9/sysroots/x86_64-pokysdk-linux/usr/bin/arm-pxc-linux-gnueabi/arm-pxc-linux-gnueabi-gcc
COLLECT_LTO_WRAPPER=/opt/pxc/sdk/AXCF2152/2021.9/sysroots/x86_64-pokysdk-linux/usr/libexec/arm-pxc-linux-gnueabi/gcc/arm-pxc-linux-gnueabi/9.3.0/lto-wrapper
Target: arm-pxc-linux-gnueabi
Configured with: ../../../../../../work-shared/gcc-9.3.0-r0/gcc-9.3.0/configure --build=x86_64-linux --host=x86_64-pokysdk-linux --target=arm-pxc-linux-gnueabi --prefix=/opt/pxc/2021.9/sysroots/x86_64-pokysdk-linux/usr --exec_prefix=/opt/pxc/2021.9/sysroots/x86_64-pokysdk-linux/usr --bindir=/opt/pxc/2021.9/sysroots/x86_64-pokysdk-linux/usr/bin/arm-pxc-linux-gnueabi --sbindir=/opt/pxc/2021.9/sysroots/x86_64-pokysdk-linux/usr/bin/arm-pxc-linux-gnueabi --libexecdir=/opt/pxc/2021.9/sysroots/x86_64-pokysdk-linux/usr/libexec/arm-pxc-linux-gnueabi --datadir=/opt/pxc/2021.9/sysroots/x86_64-pokysdk-linux/usr/share --sysconfdir=/opt/pxc/2021.9/sysroots/x86_64-pokysdk-linux/etc --sharedstatedir=/opt/pxc/2021.9/sysroots/x86_64-pokysdk-linux/com --localstatedir=/opt/pxc/2021.9/sysroots/x86_64-pokysdk-linux/var --libdir=/opt/pxc/2021.9/sysroots/x86_64-pokysdk-linux/usr/lib/arm-pxc-linux-gnueabi --includedir=/opt/pxc/2021.9/sysroots/x86_64-pokysdk-linux/usr/include --oldincludedir=/opt/pxc/2021.9/sysroots/x86_64-pokysdk-linux/usr/include --infodir=/opt/pxc/2021.9/sysroots/x86_64-pokysdk-linux/usr/share/info --mandir=/opt/pxc/2021.9/sysroots/x86_64-pokysdk-linux/usr/share/man --disable-silent-rules --disable-dependency-tracking --with-libtool-sysroot=/yocto/jenkins/workspace/ts_Yocto_AXCF2152_release_21.9.x/axcf2152_build/tmp/work/x86_64-nativesdk-pokysdk-linux/gcc-cross-canadian-arm/9.3.0-r0/recipe-sysroot --with-gnu-ld --enable-shared --enable-languages=c,c++ --enable-threads=posix --enable-multilib --enable-default-pie --enable-c99 --enable-long-long --enable-symvers=gnu --enable-libstdcxx-pch --program-prefix=arm-pxc-linux-gnueabi- --without-local-prefix --disable-install-libiberty --enable-lto --disable-libssp --enable-libitm --disable-bootstrap --disable-libmudflap --with-system-zlib --with-linker-hash-style=gnu --enable-linker-build-id --with-ppl=no --with-cloog=no --enable-checking=release --enable-cheaders=c_global --without-isl --with-gxx-include-dir=/not/exist/usr/include/c++/9.3.0 --with-build-time-tools=/yocto/jenkins/workspace/ts_Yocto_AXCF2152_release_21.9.x/axcf2152_build/tmp/work/x86_64-nativesdk-pokysdk-linux/gcc-cross-canadian-arm/9.3.0-r0/recipe-sysroot-native/usr/arm-pxc-linux-gnueabi/bin --with-sysroot=/not/exist --with-build-sysroot=/yocto/jenkins/workspace/ts_Yocto_AXCF2152_release_21.9.x/axcf2152_build/tmp/work/x86_64-nativesdk-pokysdk-linux/gcc-cross-canadian-arm/9.3.0-r0/recipe-sysroot --enable-poison-system-directories --disable-static --enable-nls --with-glibc-version=2.28 --enable-initfini-array
Thread model: posix
gcc version 9.3.0 (GCC) 
COMPILER_PATH=/opt/pxc/sdk/AXCF2152/2021.9/sysroots/x86_64-pokysdk-linux/usr/libexec/arm-pxc-linux-gnueabi/gcc/arm-pxc-linux-gnueabi/9.3.0/:/opt/pxc/sdk/AXCF2152/2021.9/sysroots/x86_64-pokysdk-linux/usr/libexec/arm-pxc-linux-gnueabi/gcc/arm-pxc-linux-gnueabi/9.3.0/:/opt/pxc/sdk/AXCF2152/2021.9/sysroots/x86_64-pokysdk-linux/usr/libexec/arm-pxc-linux-gnueabi/gcc/arm-pxc-linux-gnueabi/:/opt/pxc/sdk/AXCF2152/2021.9/sysroots/x86_64-pokysdk-linux/usr/lib/arm-pxc-linux-gnueabi/gcc/arm-pxc-linux-gnueabi/9.3.0/:/opt/pxc/sdk/AXCF2152/2021.9/sysroots/x86_64-pokysdk-linux/usr/lib/arm-pxc-linux-gnueabi/gcc/arm-pxc-linux-gnueabi/
LIBRARY_PATH=/opt/pxc/sdk/AXCF2152/2021.9/sysroots/x86_64-pokysdk-linux/usr/lib/arm-pxc-linux-gnueabi/gcc/arm-pxc-linux-gnueabi/9.3.0/:/opt/pxc/sdk/AXCF2152/2021.9/sysroots/cortexa9t2hf-neon-pxc-linux-gnueabi/lib/:/opt/pxc/sdk/AXCF2152/2021.9/sysroots/cortexa9t2hf-neon-pxc-linux-gnueabi/usr/lib/arm-pxc-linux-gnueabi/9.3.0/:/opt/pxc/sdk/AXCF2152/2021.9/sysroots/cortexa9t2hf-neon-pxc-linux-gnueabi/usr/lib/
COLLECT_GCC_OPTIONS='--sysroot=/opt/pxc/sdk/AXCF2152/2021.9/sysroots/cortexa9t2hf-neon-pxc-linux-gnueabi' '-mfpu=neon' '-mfloat-abi=hard' '-mthumb' '-mfpu=neon' '-mfloat-abi=hard' '-mcpu=cortex-a9' '-v' '-o' 'cmTC_a82b9' '-mtls-dialect=gnu' '-march=armv7-a+mp+sec+simd'
 /opt/pxc/sdk/AXCF2152/2021.9/sysroots/x86_64-pokysdk-linux/usr/libexec/arm-pxc-linux-gnueabi/gcc/arm-pxc-linux-gnueabi/9.3.0/collect2 -plugin /opt/pxc/sdk/AXCF2152/2021.9/sysroots/x86_64-pokysdk-linux/usr/libexec/arm-pxc-linux-gnueabi/gcc/arm-pxc-linux-gnueabi/9.3.0/liblto_plugin.so -plugin-opt=/opt/pxc/sdk/AXCF2152/2021.9/sysroots/x86_64-pokysdk-linux/usr/libexec/arm-pxc-linux-gnueabi/gcc/arm-pxc-linux-gnueabi/9.3.0/lto-wrapper -plugin-opt=-fresolution=/tmp/cclY5yLh.res -plugin-opt=-pass-through=-lgcc -plugin-opt=-pass-through=-lgcc_s -plugin-opt=-pass-through=-lc -plugin-opt=-pass-through=-lgcc -plugin-opt=-pass-through=-lgcc_s --sysroot=/opt/pxc/sdk/AXCF2152/2021.9/sysroots/cortexa9t2hf-neon-pxc-linux-gnueabi --build-id --eh-frame-hdr --hash-style=gnu -dynamic-linker /lib/ld-linux-armhf.so.3 -X -m armelf_linux_eabi -pie -o cmTC_a82b9 /opt/pxc/sdk/AXCF2152/2021.9/sysroots/cortexa9t2hf-neon-pxc-linux-gnueabi/usr/lib/Scrt1.o /opt/pxc/sdk/AXCF2152/2021.9/sysroots/cortexa9t2hf-neon-pxc-linux-gnueabi/usr/lib/crti.o /opt/pxc/sdk/AXCF2152/2021.9/sysroots/cortexa9t2hf-neon-pxc-linux-gnueabi/usr/lib/arm-pxc-linux-gnueabi/9.3.0/crtbeginS.o -L/opt/pxc/sdk/AXCF2152/2021.9/sysroots/x86_64-pokysdk-linux/usr/lib/arm-pxc-linux-gnueabi/gcc/arm-pxc-linux-gnueabi/9.3.0 -L/opt/pxc/sdk/AXCF2152/2021.9/sysroots/cortexa9t2hf-neon-pxc-linux-gnueabi/lib -L/opt/pxc/sdk/AXCF2152/2021.9/sysroots/cortexa9t2hf-neon-pxc-linux-gnueabi/usr/lib/arm-pxc-linux-gnueabi/9.3.0 -L/opt/pxc/sdk/AXCF2152/2021.9/sysroots/cortexa9t2hf-neon-pxc-linux-gnueabi/usr/lib CMakeFiles/cmTC_a82b9.dir/CMakeCCompilerABI.c.o -lgcc --push-state --as-needed -lgcc_s --pop-state -lc -lgcc --push-state --as-needed -lgcc_s --pop-state /opt/pxc/sdk/AXCF2152/2021.9/sysroots/cortexa9t2hf-neon-pxc-linux-gnueabi/usr/lib/arm-pxc-linux-gnueabi/9.3.0/crtendS.o /opt/pxc/sdk/AXCF2152/2021.9/sysroots/cortexa9t2hf-neon-pxc-linux-gnueabi/usr/lib/crtn.o
COLLECT_GCC_OPTIONS='--sysroot=/opt/pxc/sdk/AXCF2152/2021.9/sysroots/cortexa9t2hf-neon-pxc-linux-gnueabi' '-mfpu=neon' '-mfloat-abi=hard' '-mthumb' '-mfpu=neon' '-mfloat-abi=hard' '-mcpu=cortex-a9' '-v' '-o' 'cmTC_a82b9' '-mtls-dialect=gnu' '-march=armv7-a+mp+sec+simd'



Parsed C implicit include dir info from above output: rv=done
  found start of include info
  found start of implicit include info
    add: [/opt/pxc/sdk/AXCF2152/2021.9/sysroots/x86_64-pokysdk-linux/usr/lib/arm-pxc-linux-gnueabi/gcc/arm-pxc-linux-gnueabi/9.3.0/include]
    add: [/opt/pxc/sdk/AXCF2152/2021.9/sysroots/x86_64-pokysdk-linux/usr/lib/arm-pxc-linux-gnueabi/gcc/arm-pxc-linux-gnueabi/9.3.0/include-fixed]
    add: [/opt/pxc/sdk/AXCF2152/2021.9/sysroots/cortexa9t2hf-neon-pxc-linux-gnueabi/usr/include/]
  end of search list found
  collapse include dir [/opt/pxc/sdk/AXCF2152/2021.9/sysroots/x86_64-pokysdk-linux/usr/lib/arm-pxc-linux-gnueabi/gcc/arm-pxc-linux-gnueabi/9.3.0/include] ==> [/opt/pxc/sdk/AXCF2152/2021.9/sysroots/x86_64-pokysdk-linux/usr/lib/arm-pxc-linux-gnueabi/gcc/arm-pxc-linux-gnueabi/9.3.0/include]
  collapse include dir [/opt/pxc/sdk/AXCF2152/2021.9/sysroots/x86_64-pokysdk-linux/usr/lib/arm-pxc-linux-gnueabi/gcc/arm-pxc-linux-gnueabi/9.3.0/include-fixed] ==> [/opt/pxc/sdk/AXCF2152/2021.9/sysroots/x86_64-pokysdk-linux/usr/lib/arm-pxc-linux-gnueabi/gcc/arm-pxc-linux-gnueabi/9.3.0/include-fixed]
  collapse include dir [/opt/pxc/sdk/AXCF2152/2021.9/sysroots/cortexa9t2hf-neon-pxc-linux-gnueabi/usr/include/] ==> [/opt/pxc/sdk/AXCF2152/2021.9/sysroots/cortexa9t2hf-neon-pxc-linux-gnueabi/usr/include]
  implicit include dirs: [/opt/pxc/sdk/AXCF2152/2021.9/sysroots/x86_64-pokysdk-linux/usr/lib/arm-pxc-linux-gnueabi/gcc/arm-pxc-linux-gnueabi/9.3.0/include;/opt/pxc/sdk/AXCF2152/2021.9/sysroots/x86_64-pokysdk-linux/usr/lib/arm-pxc-linux-gnueabi/gcc/arm-pxc-linux-gnueabi/9.3.0/include-fixed;/opt/pxc/sdk/AXCF2152/2021.9/sysroots/cortexa9t2hf-neon-pxc-linux-gnueabi/usr/include]


Parsed C implicit link information from above output:
  link line regex: [^( *|.*[/\])(arm-pxc-linux-gnueabi-ld|CMAKE_LINK_STARTFILE-NOTFOUND|([^/\]+-)?ld|collect2)[^/\]*( |$)]
  ignore line: [Change Dir: /home/scytheman/Desktop/Proj/Hello-PLCnext/bin/AXCF2152_2021.9.0 (21.9.0.40)/CMakeFiles/CMakeTmp]
  ignore line: []
  ignore line: [Run Build Command(s):/usr/bin/ninja cmTC_a82b9 && [1/2] Building C object CMakeFiles/cmTC_a82b9.dir/CMakeCCompilerABI.c.o]
  ignore line: [Using built-in specs.]
  ignore line: [COLLECT_GCC=/opt/pxc/sdk/AXCF2152/2021.9/sysroots/x86_64-pokysdk-linux/usr/bin/arm-pxc-linux-gnueabi/arm-pxc-linux-gnueabi-gcc]
  ignore line: [Target: arm-pxc-linux-gnueabi]
  ignore line: [Configured with: ../../../../../../work-shared/gcc-9.3.0-r0/gcc-9.3.0/configure --build=x86_64-linux --host=x86_64-pokysdk-linux --target=arm-pxc-linux-gnueabi --prefix=/opt/pxc/2021.9/sysroots/x86_64-pokysdk-linux/usr --exec_prefix=/opt/pxc/2021.9/sysroots/x86_64-pokysdk-linux/usr --bindir=/opt/pxc/2021.9/sysroots/x86_64-pokysdk-linux/usr/bin/arm-pxc-linux-gnueabi --sbindir=/opt/pxc/2021.9/sysroots/x86_64-pokysdk-linux/usr/bin/arm-pxc-linux-gnueabi --libexecdir=/opt/pxc/2021.9/sysroots/x86_64-pokysdk-linux/usr/libexec/arm-pxc-linux-gnueabi --datadir=/opt/pxc/2021.9/sysroots/x86_64-pokysdk-linux/usr/share --sysconfdir=/opt/pxc/2021.9/sysroots/x86_64-pokysdk-linux/etc --sharedstatedir=/opt/pxc/2021.9/sysroots/x86_64-pokysdk-linux/com --localstatedir=/opt/pxc/2021.9/sysroots/x86_64-pokysdk-linux/var --libdir=/opt/pxc/2021.9/sysroots/x86_64-pokysdk-linux/usr/lib/arm-pxc-linux-gnueabi --includedir=/opt/pxc/2021.9/sysroots/x86_64-pokysdk-linux/usr/include --oldincludedir=/opt/pxc/2021.9/sysroots/x86_64-pokysdk-linux/usr/include --infodir=/opt/pxc/2021.9/sysroots/x86_64-pokysdk-linux/usr/share/info --mandir=/opt/pxc/2021.9/sysroots/x86_64-pokysdk-linux/usr/share/man --disable-silent-rules --disable-dependency-tracking --with-libtool-sysroot=/yocto/jenkins/workspace/ts_Yocto_AXCF2152_release_21.9.x/axcf2152_build/tmp/work/x86_64-nativesdk-pokysdk-linux/gcc-cross-canadian-arm/9.3.0-r0/recipe-sysroot --with-gnu-ld --enable-shared --enable-languages=c,c++ --enable-threads=posix --enable-multilib --enable-default-pie --enable-c99 --enable-long-long --enable-symvers=gnu --enable-libstdcxx-pch --program-prefix=arm-pxc-linux-gnueabi- --without-local-prefix --disable-install-libiberty --enable-lto --disable-libssp --enable-libitm --disable-bootstrap --disable-libmudflap --with-system-zlib --with-linker-hash-style=gnu --enable-linker-build-id --with-ppl=no --with-cloog=no --enable-checking=release --enable-cheaders=c_global --without-isl --with-gxx-include-dir=/not/exist/usr/include/c++/9.3.0 --with-build-time-tools=/yocto/jenkins/workspace/ts_Yocto_AXCF2152_release_21.9.x/axcf2152_build/tmp/work/x86_64-nativesdk-pokysdk-linux/gcc-cross-canadian-arm/9.3.0-r0/recipe-sysroot-native/usr/arm-pxc-linux-gnueabi/bin --with-sysroot=/not/exist --with-build-sysroot=/yocto/jenkins/workspace/ts_Yocto_AXCF2152_release_21.9.x/axcf2152_build/tmp/work/x86_64-nativesdk-pokysdk-linux/gcc-cross-canadian-arm/9.3.0-r0/recipe-sysroot --enable-poison-system-directories --disable-static --enable-nls --with-glibc-version=2.28 --enable-initfini-array]
  ignore line: [Thread model: posix]
  ignore line: [gcc version 9.3.0 (GCC) ]
  ignore line: [COLLECT_GCC_OPTIONS='--sysroot=/opt/pxc/sdk/AXCF2152/2021.9/sysroots/cortexa9t2hf-neon-pxc-linux-gnueabi' '-mthumb' '-mfpu=neon' '-mfloat-abi=hard' '-mcpu=cortex-a9' '-v' '-o' 'CMakeFiles/cmTC_a82b9.dir/CMakeCCompilerABI.c.o' '-c' '-mtls-dialect=gnu' '-march=armv7-a+mp+sec+simd']
  ignore line: [ /opt/pxc/sdk/AXCF2152/2021.9/sysroots/x86_64-pokysdk-linux/usr/libexec/arm-pxc-linux-gnueabi/gcc/arm-pxc-linux-gnueabi/9.3.0/cc1 -quiet -v -isysroot /opt/pxc/sdk/AXCF2152/2021.9/sysroots/cortexa9t2hf-neon-pxc-linux-gnueabi /usr/share/cmake-3.22/Modules/CMakeCCompilerABI.c -quiet -dumpbase CMakeCCompilerABI.c -mthumb -mfpu=neon -mfloat-abi=hard -mcpu=cortex-a9 -mtls-dialect=gnu -march=armv7-a+mp+sec+simd -auxbase-strip CMakeFiles/cmTC_a82b9.dir/CMakeCCompilerABI.c.o -version -o /tmp/ccBHDtHQ.s]
  ignore line: [GNU C17 (GCC) version 9.3.0 (arm-pxc-linux-gnueabi)]
  ignore line: [	compiled by GNU C version 9.3.0  GMP version 6.2.0  MPFR version 4.0.2  MPC version 1.1.0  isl version none]
  ignore line: [GGC heuristics: --param ggc-min-expand=100 --param ggc-min-heapsize=131072]
  ignore line: [ignoring nonexistent directory "/opt/pxc/sdk/AXCF2152/2021.9/sysroots/cortexa9t2hf-neon-pxc-linux-gnueabi/usr/lib/arm-pxc-linux-gnueabi/9.3.0/include"]
  ignore line: [ignoring nonexistent directory "/opt/pxc/sdk/AXCF2152/2021.9/sysroots/cortexa9t2hf-neon-pxc-linux-gnueabi/usr/local/include"]
  ignore line: [ignoring nonexistent directory "/opt/pxc/sdk/AXCF2152/2021.9/sysroots/x86_64-pokysdk-linux/usr/lib/arm-pxc-linux-gnueabi/gcc/arm-pxc-linux-gnueabi/9.3.0/../../../../../arm-pxc-linux-gnueabi/include"]
  ignore line: [#include "..." search starts here:]
  ignore line: [#include <...> search starts here:]
  ignore line: [ /opt/pxc/sdk/AXCF2152/2021.9/sysroots/x86_64-pokysdk-linux/usr/lib/arm-pxc-linux-gnueabi/gcc/arm-pxc-linux-gnueabi/9.3.0/include]
  ignore line: [ /opt/pxc/sdk/AXCF2152/2021.9/sysroots/x86_64-pokysdk-linux/usr/lib/arm-pxc-linux-gnueabi/gcc/arm-pxc-linux-gnueabi/9.3.0/include-fixed]
  ignore line: [ /opt/pxc/sdk/AXCF2152/2021.9/sysroots/cortexa9t2hf-neon-pxc-linux-gnueabi/usr/include/]
  ignore line: [End of search list.]
  ignore line: [GNU C17 (GCC) version 9.3.0 (arm-pxc-linux-gnueabi)]
  ignore line: [	compiled by GNU C version 9.3.0  GMP version 6.2.0  MPFR version 4.0.2  MPC version 1.1.0  isl version none]
  ignore line: [GGC heuristics: --param ggc-min-expand=100 --param ggc-min-heapsize=131072]
  ignore line: [Compiler executable checksum: 9af36296a7d453b8a55871a5f1a8d499]
  ignore line: [COLLECT_GCC_OPTIONS='--sysroot=/opt/pxc/sdk/AXCF2152/2021.9/sysroots/cortexa9t2hf-neon-pxc-linux-gnueabi' '-mthumb' '-mfpu=neon' '-mfloat-abi=hard' '-mcpu=cortex-a9' '-v' '-o' 'CMakeFiles/cmTC_a82b9.dir/CMakeCCompilerABI.c.o' '-c' '-mtls-dialect=gnu' '-march=armv7-a+mp+sec+simd']
  ignore line: [ /opt/pxc/sdk/AXCF2152/2021.9/sysroots/x86_64-pokysdk-linux/usr/libexec/arm-pxc-linux-gnueabi/gcc/arm-pxc-linux-gnueabi/9.3.0/as -v -march=armv7-a+mp+sec -mfloat-abi=hard -mfpu=neon -meabi=5 -o CMakeFiles/cmTC_a82b9.dir/CMakeCCompilerABI.c.o /tmp/ccBHDtHQ.s]
  ignore line: [GNU assembler version 2.34.0 (arm-pxc-linux-gnueabi) using BFD version (GNU Binutils) 2.34.0.20200220]
  ignore line: [COMPILER_PATH=/opt/pxc/sdk/AXCF2152/2021.9/sysroots/x86_64-pokysdk-linux/usr/libexec/arm-pxc-linux-gnueabi/gcc/arm-pxc-linux-gnueabi/9.3.0/:/opt/pxc/sdk/AXCF2152/2021.9/sysroots/x86_64-pokysdk-linux/usr/libexec/arm-pxc-linux-gnueabi/gcc/arm-pxc-linux-gnueabi/9.3.0/:/opt/pxc/sdk/AXCF2152/2021.9/sysroots/x86_64-pokysdk-linux/usr/libexec/arm-pxc-linux-gnueabi/gcc/arm-pxc-linux-gnueabi/:/opt/pxc/sdk/AXCF2152/2021.9/sysroots/x86_64-pokysdk-linux/usr/lib/arm-pxc-linux-gnueabi/gcc/arm-pxc-linux-gnueabi/9.3.0/:/opt/pxc/sdk/AXCF2152/2021.9/sysroots/x86_64-pokysdk-linux/usr/lib/arm-pxc-linux-gnueabi/gcc/arm-pxc-linux-gnueabi/]
  ignore line: [LIBRARY_PATH=/opt/pxc/sdk/AXCF2152/2021.9/sysroots/x86_64-pokysdk-linux/usr/lib/arm-pxc-linux-gnueabi/gcc/arm-pxc-linux-gnueabi/9.3.0/:/opt/pxc/sdk/AXCF2152/2021.9/sysroots/cortexa9t2hf-neon-pxc-linux-gnueabi/lib/:/opt/pxc/sdk/AXCF2152/2021.9/sysroots/cortexa9t2hf-neon-pxc-linux-gnueabi/usr/lib/arm-pxc-linux-gnueabi/9.3.0/:/opt/pxc/sdk/AXCF2152/2021.9/sysroots/cortexa9t2hf-neon-pxc-linux-gnueabi/usr/lib/]
  ignore line: [COLLECT_GCC_OPTIONS='--sysroot=/opt/pxc/sdk/AXCF2152/2021.9/sysroots/cortexa9t2hf-neon-pxc-linux-gnueabi' '-mthumb' '-mfpu=neon' '-mfloat-abi=hard' '-mcpu=cortex-a9' '-v' '-o' 'CMakeFiles/cmTC_a82b9.dir/CMakeCCompilerABI.c.o' '-c' '-mtls-dialect=gnu' '-march=armv7-a+mp+sec+simd']
  ignore line: [[2/2] Linking C executable cmTC_a82b9]
  ignore line: [Using built-in specs.]
  ignore line: [COLLECT_GCC=/opt/pxc/sdk/AXCF2152/2021.9/sysroots/x86_64-pokysdk-linux/usr/bin/arm-pxc-linux-gnueabi/arm-pxc-linux-gnueabi-gcc]
  ignore line: [COLLECT_LTO_WRAPPER=/opt/pxc/sdk/AXCF2152/2021.9/sysroots/x86_64-pokysdk-linux/usr/libexec/arm-pxc-linux-gnueabi/gcc/arm-pxc-linux-gnueabi/9.3.0/lto-wrapper]
  ignore line: [Target: arm-pxc-linux-gnueabi]
  ignore line: [Configured with: ../../../../../../work-shared/gcc-9.3.0-r0/gcc-9.3.0/configure --build=x86_64-linux --host=x86_64-pokysdk-linux --target=arm-pxc-linux-gnueabi --prefix=/opt/pxc/2021.9/sysroots/x86_64-pokysdk-linux/usr --exec_prefix=/opt/pxc/2021.9/sysroots/x86_64-pokysdk-linux/usr --bindir=/opt/pxc/2021.9/sysroots/x86_64-pokysdk-linux/usr/bin/arm-pxc-linux-gnueabi --sbindir=/opt/pxc/2021.9/sysroots/x86_64-pokysdk-linux/usr/bin/arm-pxc-linux-gnueabi --libexecdir=/opt/pxc/2021.9/sysroots/x86_64-pokysdk-linux/usr/libexec/arm-pxc-linux-gnueabi --datadir=/opt/pxc/2021.9/sysroots/x86_64-pokysdk-linux/usr/share --sysconfdir=/opt/pxc/2021.9/sysroots/x86_64-pokysdk-linux/etc --sharedstatedir=/opt/pxc/2021.9/sysroots/x86_64-pokysdk-linux/com --localstatedir=/opt/pxc/2021.9/sysroots/x86_64-pokysdk-linux/var --libdir=/opt/pxc/2021.9/sysroots/x86_64-pokysdk-linux/usr/lib/arm-pxc-linux-gnueabi --includedir=/opt/pxc/2021.9/sysroots/x86_64-pokysdk-linux/usr/include --oldincludedir=/opt/pxc/2021.9/sysroots/x86_64-pokysdk-linux/usr/include --infodir=/opt/pxc/2021.9/sysroots/x86_64-pokysdk-linux/usr/share/info --mandir=/opt/pxc/2021.9/sysroots/x86_64-pokysdk-linux/usr/share/man --disable-silent-rules --disable-dependency-tracking --with-libtool-sysroot=/yocto/jenkins/workspace/ts_Yocto_AXCF2152_release_21.9.x/axcf2152_build/tmp/work/x86_64-nativesdk-pokysdk-linux/gcc-cross-canadian-arm/9.3.0-r0/recipe-sysroot --with-gnu-ld --enable-shared --enable-languages=c,c++ --enable-threads=posix --enable-multilib --enable-default-pie --enable-c99 --enable-long-long --enable-symvers=gnu --enable-libstdcxx-pch --program-prefix=arm-pxc-linux-gnueabi- --without-local-prefix --disable-install-libiberty --enable-lto --disable-libssp --enable-libitm --disable-bootstrap --disable-libmudflap --with-system-zlib --with-linker-hash-style=gnu --enable-linker-build-id --with-ppl=no --with-cloog=no --enable-checking=release --enable-cheaders=c_global --without-isl --with-gxx-include-dir=/not/exist/usr/include/c++/9.3.0 --with-build-time-tools=/yocto/jenkins/workspace/ts_Yocto_AXCF2152_release_21.9.x/axcf2152_build/tmp/work/x86_64-nativesdk-pokysdk-linux/gcc-cross-canadian-arm/9.3.0-r0/recipe-sysroot-native/usr/arm-pxc-linux-gnueabi/bin --with-sysroot=/not/exist --with-build-sysroot=/yocto/jenkins/workspace/ts_Yocto_AXCF2152_release_21.9.x/axcf2152_build/tmp/work/x86_64-nativesdk-pokysdk-linux/gcc-cross-canadian-arm/9.3.0-r0/recipe-sysroot --enable-poison-system-directories --disable-static --enable-nls --with-glibc-version=2.28 --enable-initfini-array]
  ignore line: [Thread model: posix]
  ignore line: [gcc version 9.3.0 (GCC) ]
  ignore line: [COMPILER_PATH=/opt/pxc/sdk/AXCF2152/2021.9/sysroots/x86_64-pokysdk-linux/usr/libexec/arm-pxc-linux-gnueabi/gcc/arm-pxc-linux-gnueabi/9.3.0/:/opt/pxc/sdk/AXCF2152/2021.9/sysroots/x86_64-pokysdk-linux/usr/libexec/arm-pxc-linux-gnueabi/gcc/arm-pxc-linux-gnueabi/9.3.0/:/opt/pxc/sdk/AXCF2152/2021.9/sysroots/x86_64-pokysdk-linux/usr/libexec/arm-pxc-linux-gnueabi/gcc/arm-pxc-linux-gnueabi/:/opt/pxc/sdk/AXCF2152/2021.9/sysroots/x86_64-pokysdk-linux/usr/lib/arm-pxc-linux-gnueabi/gcc/arm-pxc-linux-gnueabi/9.3.0/:/opt/pxc/sdk/AXCF2152/2021.9/sysroots/x86_64-pokysdk-linux/usr/lib/arm-pxc-linux-gnueabi/gcc/arm-pxc-linux-gnueabi/]
  ignore line: [LIBRARY_PATH=/opt/pxc/sdk/AXCF2152/2021.9/sysroots/x86_64-pokysdk-linux/usr/lib/arm-pxc-linux-gnueabi/gcc/arm-pxc-linux-gnueabi/9.3.0/:/opt/pxc/sdk/AXCF2152/2021.9/sysroots/cortexa9t2hf-neon-pxc-linux-gnueabi/lib/:/opt/pxc/sdk/AXCF2152/2021.9/sysroots/cortexa9t2hf-neon-pxc-linux-gnueabi/usr/lib/arm-pxc-linux-gnueabi/9.3.0/:/opt/pxc/sdk/AXCF2152/2021.9/sysroots/cortexa9t2hf-neon-pxc-linux-gnueabi/usr/lib/]
  ignore line: [COLLECT_GCC_OPTIONS='--sysroot=/opt/pxc/sdk/AXCF2152/2021.9/sysroots/cortexa9t2hf-neon-pxc-linux-gnueabi' '-mfpu=neon' '-mfloat-abi=hard' '-mthumb' '-mfpu=neon' '-mfloat-abi=hard' '-mcpu=cortex-a9' '-v' '-o' 'cmTC_a82b9' '-mtls-dialect=gnu' '-march=armv7-a+mp+sec+simd']
  link line: [ /opt/pxc/sdk/AXCF2152/2021.9/sysroots/x86_64-pokysdk-linux/usr/libexec/arm-pxc-linux-gnueabi/gcc/arm-pxc-linux-gnueabi/9.3.0/collect2 -plugin /opt/pxc/sdk/AXCF2152/2021.9/sysroots/x86_64-pokysdk-linux/usr/libexec/arm-pxc-linux-gnueabi/gcc/arm-pxc-linux-gnueabi/9.3.0/liblto_plugin.so -plugin-opt=/opt/pxc/sdk/AXCF2152/2021.9/sysroots/x86_64-pokysdk-linux/usr/libexec/arm-pxc-linux-gnueabi/gcc/arm-pxc-linux-gnueabi/9.3.0/lto-wrapper -plugin-opt=-fresolution=/tmp/cclY5yLh.res -plugin-opt=-pass-through=-lgcc -plugin-opt=-pass-through=-lgcc_s -plugin-opt=-pass-through=-lc -plugin-opt=-pass-through=-lgcc -plugin-opt=-pass-through=-lgcc_s --sysroot=/opt/pxc/sdk/AXCF2152/2021.9/sysroots/cortexa9t2hf-neon-pxc-linux-gnueabi --build-id --eh-frame-hdr --hash-style=gnu -dynamic-linker /lib/ld-linux-armhf.so.3 -X -m armelf_linux_eabi -pie -o cmTC_a82b9 /opt/pxc/sdk/AXCF2152/2021.9/sysroots/cortexa9t2hf-neon-pxc-linux-gnueabi/usr/lib/Scrt1.o /opt/pxc/sdk/AXCF2152/2021.9/sysroots/cortexa9t2hf-neon-pxc-linux-gnueabi/usr/lib/crti.o /opt/pxc/sdk/AXCF2152/2021.9/sysroots/cortexa9t2hf-neon-pxc-linux-gnueabi/usr/lib/arm-pxc-linux-gnueabi/9.3.0/crtbeginS.o -L/opt/pxc/sdk/AXCF2152/2021.9/sysroots/x86_64-pokysdk-linux/usr/lib/arm-pxc-linux-gnueabi/gcc/arm-pxc-linux-gnueabi/9.3.0 -L/opt/pxc/sdk/AXCF2152/2021.9/sysroots/cortexa9t2hf-neon-pxc-linux-gnueabi/lib -L/opt/pxc/sdk/AXCF2152/2021.9/sysroots/cortexa9t2hf-neon-pxc-linux-gnueabi/usr/lib/arm-pxc-linux-gnueabi/9.3.0 -L/opt/pxc/sdk/AXCF2152/2021.9/sysroots/cortexa9t2hf-neon-pxc-linux-gnueabi/usr/lib CMakeFiles/cmTC_a82b9.dir/CMakeCCompilerABI.c.o -lgcc --push-state --as-needed -lgcc_s --pop-state -lc -lgcc --push-state --as-needed -lgcc_s --pop-state /opt/pxc/sdk/AXCF2152/2021.9/sysroots/cortexa9t2hf-neon-pxc-linux-gnueabi/usr/lib/arm-pxc-linux-gnueabi/9.3.0/crtendS.o /opt/pxc/sdk/AXCF2152/2021.9/sysroots/cortexa9t2hf-neon-pxc-linux-gnueabi/usr/lib/crtn.o]
    arg [/opt/pxc/sdk/AXCF2152/2021.9/sysroots/x86_64-pokysdk-linux/usr/libexec/arm-pxc-linux-gnueabi/gcc/arm-pxc-linux-gnueabi/9.3.0/collect2] ==> ignore
    arg [-plugin] ==> ignore
    arg [/opt/pxc/sdk/AXCF2152/2021.9/sysroots/x86_64-pokysdk-linux/usr/libexec/arm-pxc-linux-gnueabi/gcc/arm-pxc-linux-gnueabi/9.3.0/liblto_plugin.so] ==> ignore
    arg [-plugin-opt=/opt/pxc/sdk/AXCF2152/2021.9/sysroots/x86_64-pokysdk-linux/usr/libexec/arm-pxc-linux-gnueabi/gcc/arm-pxc-linux-gnueabi/9.3.0/lto-wrapper] ==> ignore
    arg [-plugin-opt=-fresolution=/tmp/cclY5yLh.res] ==> ignore
    arg [-plugin-opt=-pass-through=-lgcc] ==> ignore
    arg [-plugin-opt=-pass-through=-lgcc_s] ==> ignore
    arg [-plugin-opt=-pass-through=-lc] ==> ignore
    arg [-plugin-opt=-pass-through=-lgcc] ==> ignore
    arg [-plugin-opt=-pass-through=-lgcc_s] ==> ignore
    arg [--sysroot=/opt/pxc/sdk/AXCF2152/2021.9/sysroots/cortexa9t2hf-neon-pxc-linux-gnueabi] ==> ignore
    arg [--build-id] ==> ignore
    arg [--eh-frame-hdr] ==> ignore
    arg [--hash-style=gnu] ==> ignore
    arg [-dynamic-linker] ==> ignore
    arg [/lib/ld-linux-armhf.so.3] ==> ignore
    arg [-X] ==> ignore
    arg [-m] ==> ignore
    arg [armelf_linux_eabi] ==> ignore
    arg [-pie] ==> ignore
    arg [-o] ==> ignore
    arg [cmTC_a82b9] ==> ignore
    arg [/opt/pxc/sdk/AXCF2152/2021.9/sysroots/cortexa9t2hf-neon-pxc-linux-gnueabi/usr/lib/Scrt1.o] ==> obj [/opt/pxc/sdk/AXCF2152/2021.9/sysroots/cortexa9t2hf-neon-pxc-linux-gnueabi/usr/lib/Scrt1.o]
    arg [/opt/pxc/sdk/AXCF2152/2021.9/sysroots/cortexa9t2hf-neon-pxc-linux-gnueabi/usr/lib/crti.o] ==> obj [/opt/pxc/sdk/AXCF2152/2021.9/sysroots/cortexa9t2hf-neon-pxc-linux-gnueabi/usr/lib/crti.o]
    arg [/opt/pxc/sdk/AXCF2152/2021.9/sysroots/cortexa9t2hf-neon-pxc-linux-gnueabi/usr/lib/arm-pxc-linux-gnueabi/9.3.0/crtbeginS.o] ==> obj [/opt/pxc/sdk/AXCF2152/2021.9/sysroots/cortexa9t2hf-neon-pxc-linux-gnueabi/usr/lib/arm-pxc-linux-gnueabi/9.3.0/crtbeginS.o]
    arg [-L/opt/pxc/sdk/AXCF2152/2021.9/sysroots/x86_64-pokysdk-linux/usr/lib/arm-pxc-linux-gnueabi/gcc/arm-pxc-linux-gnueabi/9.3.0] ==> dir [/opt/pxc/sdk/AXCF2152/2021.9/sysroots/x86_64-pokysdk-linux/usr/lib/arm-pxc-linux-gnueabi/gcc/arm-pxc-linux-gnueabi/9.3.0]
    arg [-L/opt/pxc/sdk/AXCF2152/2021.9/sysroots/cortexa9t2hf-neon-pxc-linux-gnueabi/lib] ==> dir [/opt/pxc/sdk/AXCF2152/2021.9/sysroots/cortexa9t2hf-neon-pxc-linux-gnueabi/lib]
    arg [-L/opt/pxc/sdk/AXCF2152/2021.9/sysroots/cortexa9t2hf-neon-pxc-linux-gnueabi/usr/lib/arm-pxc-linux-gnueabi/9.3.0] ==> dir [/opt/pxc/sdk/AXCF2152/2021.9/sysroots/cortexa9t2hf-neon-pxc-linux-gnueabi/usr/lib/arm-pxc-linux-gnueabi/9.3.0]
    arg [-L/opt/pxc/sdk/AXCF2152/2021.9/sysroots/cortexa9t2hf-neon-pxc-linux-gnueabi/usr/lib] ==> dir [/opt/pxc/sdk/AXCF2152/2021.9/sysroots/cortexa9t2hf-neon-pxc-linux-gnueabi/usr/lib]
    arg [CMakeFiles/cmTC_a82b9.dir/CMakeCCompilerABI.c.o] ==> ignore
    arg [-lgcc] ==> lib [gcc]
    arg [--push-state] ==> ignore
    arg [--as-needed] ==> ignore
    arg [-lgcc_s] ==> lib [gcc_s]
    arg [--pop-state] ==> ignore
    arg [-lc] ==> lib [c]
    arg [-lgcc] ==> lib [gcc]
    arg [--push-state] ==> ignore
    arg [--as-needed] ==> ignore
    arg [-lgcc_s] ==> lib [gcc_s]
    arg [--pop-state] ==> ignore
    arg [/opt/pxc/sdk/AXCF2152/2021.9/sysroots/cortexa9t2hf-neon-pxc-linux-gnueabi/usr/lib/arm-pxc-linux-gnueabi/9.3.0/crtendS.o] ==> obj [/opt/pxc/sdk/AXCF2152/2021.9/sysroots/cortexa9t2hf-neon-pxc-linux-gnueabi/usr/lib/arm-pxc-linux-gnueabi/9.3.0/crtendS.o]
    arg [/opt/pxc/sdk/AXCF2152/2021.9/sysroots/cortexa9t2hf-neon-pxc-linux-gnueabi/usr/lib/crtn.o] ==> obj [/opt/pxc/sdk/AXCF2152/2021.9/sysroots/cortexa9t2hf-neon-pxc-linux-gnueabi/usr/lib/crtn.o]
  collapse library dir [/opt/pxc/sdk/AXCF2152/2021.9/sysroots/x86_64-pokysdk-linux/usr/lib/arm-pxc-linux-gnueabi/gcc/arm-pxc-linux-gnueabi/9.3.0] ==> [/opt/pxc/sdk/AXCF2152/2021.9/sysroots/x86_64-pokysdk-linux/usr/lib/arm-pxc-linux-gnueabi/gcc/arm-pxc-linux-gnueabi/9.3.0]
  collapse library dir [/opt/pxc/sdk/AXCF2152/2021.9/sysroots/cortexa9t2hf-neon-pxc-linux-gnueabi/lib] ==> [/opt/pxc/sdk/AXCF2152/2021.9/sysroots/cortexa9t2hf-neon-pxc-linux-gnueabi/lib]
  collapse library dir [/opt/pxc/sdk/AXCF2152/2021.9/sysroots/cortexa9t2hf-neon-pxc-linux-gnueabi/usr/lib/arm-pxc-linux-gnueabi/9.3.0] ==> [/opt/pxc/sdk/AXCF2152/2021.9/sysroots/cortexa9t2hf-neon-pxc-linux-gnueabi/usr/lib/arm-pxc-linux-gnueabi/9.3.0]
  collapse library dir [/opt/pxc/sdk/AXCF2152/2021.9/sysroots/cortexa9t2hf-neon-pxc-linux-gnueabi/usr/lib] ==> [/opt/pxc/sdk/AXCF2152/2021.9/sysroots/cortexa9t2hf-neon-pxc-linux-gnueabi/usr/lib]
  implicit libs: [gcc;gcc_s;c;gcc;gcc_s]
  implicit objs: [/opt/pxc/sdk/AXCF2152/2021.9/sysroots/cortexa9t2hf-neon-pxc-linux-gnueabi/usr/lib/Scrt1.o;/opt/pxc/sdk/AXCF2152/2021.9/sysroots/cortexa9t2hf-neon-pxc-linux-gnueabi/usr/lib/crti.o;/opt/pxc/sdk/AXCF2152/2021.9/sysroots/cortexa9t2hf-neon-pxc-linux-gnueabi/usr/lib/arm-pxc-linux-gnueabi/9.3.0/crtbeginS.o;/opt/pxc/sdk/AXCF2152/2021.9/sysroots/cortexa9t2hf-neon-pxc-linux-gnueabi/usr/lib/arm-pxc-linux-gnueabi/9.3.0/crtendS.o;/opt/pxc/sdk/AXCF2152/2021.9/sysroots/cortexa9t2hf-neon-pxc-linux-gnueabi/usr/lib/crtn.o]
  implicit dirs: [/opt/pxc/sdk/AXCF2152/2021.9/sysroots/x86_64-pokysdk-linux/usr/lib/arm-pxc-linux-gnueabi/gcc/arm-pxc-linux-gnueabi/9.3.0;/opt/pxc/sdk/AXCF2152/2021.9/sysroots/cortexa9t2hf-neon-pxc-linux-gnueabi/lib;/opt/pxc/sdk/AXCF2152/2021.9/sysroots/cortexa9t2hf-neon-pxc-linux-gnueabi/usr/lib/arm-pxc-linux-gnueabi/9.3.0;/opt/pxc/sdk/AXCF2152/2021.9/sysroots/cortexa9t2hf-neon-pxc-linux-gnueabi/usr/lib]
  implicit fwks: []


Detecting CXX compiler ABI info compiled with the following output:
Change Dir: /home/scytheman/Desktop/Proj/Hello-PLCnext/bin/AXCF2152_2021.9.0 (21.9.0.40)/CMakeFiles/CMakeTmp

Run Build Command(s):/usr/bin/ninja cmTC_a3481 && [1/2] Building CXX object CMakeFiles/cmTC_a3481.dir/CMakeCXXCompilerABI.cpp.o
Using built-in specs.
COLLECT_GCC=/opt/pxc/sdk/AXCF2152/2021.9/sysroots/x86_64-pokysdk-linux/usr/bin/arm-pxc-linux-gnueabi/arm-pxc-linux-gnueabi-g++
Target: arm-pxc-linux-gnueabi
Configured with: ../../../../../../work-shared/gcc-9.3.0-r0/gcc-9.3.0/configure --build=x86_64-linux --host=x86_64-pokysdk-linux --target=arm-pxc-linux-gnueabi --prefix=/opt/pxc/2021.9/sysroots/x86_64-pokysdk-linux/usr --exec_prefix=/opt/pxc/2021.9/sysroots/x86_64-pokysdk-linux/usr --bindir=/opt/pxc/2021.9/sysroots/x86_64-pokysdk-linux/usr/bin/arm-pxc-linux-gnueabi --sbindir=/opt/pxc/2021.9/sysroots/x86_64-pokysdk-linux/usr/bin/arm-pxc-linux-gnueabi --libexecdir=/opt/pxc/2021.9/sysroots/x86_64-pokysdk-linux/usr/libexec/arm-pxc-linux-gnueabi --datadir=/opt/pxc/2021.9/sysroots/x86_64-pokysdk-linux/usr/share --sysconfdir=/opt/pxc/2021.9/sysroots/x86_64-pokysdk-linux/etc --sharedstatedir=/opt/pxc/2021.9/sysroots/x86_64-pokysdk-linux/com --localstatedir=/opt/pxc/2021.9/sysroots/x86_64-pokysdk-linux/var --libdir=/opt/pxc/2021.9/sysroots/x86_64-pokysdk-linux/usr/lib/arm-pxc-linux-gnueabi --includedir=/opt/pxc/2021.9/sysroots/x86_64-pokysdk-linux/usr/include --oldincludedir=/opt/pxc/2021.9/sysroots/x86_64-pokysdk-linux/usr/include --infodir=/opt/pxc/2021.9/sysroots/x86_64-pokysdk-linux/usr/share/info --mandir=/opt/pxc/2021.9/sysroots/x86_64-pokysdk-linux/usr/share/man --disable-silent-rules --disable-dependency-tracking --with-libtool-sysroot=/yocto/jenkins/workspace/ts_Yocto_AXCF2152_release_21.9.x/axcf2152_build/tmp/work/x86_64-nativesdk-pokysdk-linux/gcc-cross-canadian-arm/9.3.0-r0/recipe-sysroot --with-gnu-ld --enable-shared --enable-languages=c,c++ --enable-threads=posix --enable-multilib --enable-default-pie --enable-c99 --enable-long-long --enable-symvers=gnu --enable-libstdcxx-pch --program-prefix=arm-pxc-linux-gnueabi- --without-local-prefix --disable-install-libiberty --enable-lto --disable-libssp --enable-libitm --disable-bootstrap --disable-libmudflap --with-system-zlib --with-linker-hash-style=gnu --enable-linker-build-id --with-ppl=no --with-cloog=no --enable-checking=release --enable-cheaders=c_global --without-isl --with-gxx-include-dir=/not/exist/usr/include/c++/9.3.0 --with-build-time-tools=/yocto/jenkins/workspace/ts_Yocto_AXCF2152_release_21.9.x/axcf2152_build/tmp/work/x86_64-nativesdk-pokysdk-linux/gcc-cross-canadian-arm/9.3.0-r0/recipe-sysroot-native/usr/arm-pxc-linux-gnueabi/bin --with-sysroot=/not/exist --with-build-sysroot=/yocto/jenkins/workspace/ts_Yocto_AXCF2152_release_21.9.x/axcf2152_build/tmp/work/x86_64-nativesdk-pokysdk-linux/gcc-cross-canadian-arm/9.3.0-r0/recipe-sysroot --enable-poison-system-directories --disable-static --enable-nls --with-glibc-version=2.28 --enable-initfini-array
Thread model: posix
gcc version 9.3.0 (GCC) 
COLLECT_GCC_OPTIONS='--sysroot=/opt/pxc/sdk/AXCF2152/2021.9/sysroots/cortexa9t2hf-neon-pxc-linux-gnueabi' '-mthumb' '-mfpu=neon' '-mfloat-abi=hard' '-mcpu=cortex-a9' '-v' '-std=c++17' '-o' 'CMakeFiles/cmTC_a3481.dir/CMakeCXXCompilerABI.cpp.o' '-c' '-shared-libgcc' '-mtls-dialect=gnu' '-march=armv7-a+mp+sec+simd'
 /opt/pxc/sdk/AXCF2152/2021.9/sysroots/x86_64-pokysdk-linux/usr/libexec/arm-pxc-linux-gnueabi/gcc/arm-pxc-linux-gnueabi/9.3.0/cc1plus -quiet -v -isysroot /opt/pxc/sdk/AXCF2152/2021.9/sysroots/cortexa9t2hf-neon-pxc-linux-gnueabi -D_GNU_SOURCE /usr/share/cmake-3.22/Modules/CMakeCXXCompilerABI.cpp -quiet -dumpbase CMakeCXXCompilerABI.cpp -mthumb -mfpu=neon -mfloat-abi=hard -mcpu=cortex-a9 -mtls-dialect=gnu -march=armv7-a+mp+sec+simd -auxbase-strip CMakeFiles/cmTC_a3481.dir/CMakeCXXCompilerABI.cpp.o -std=c++17 -version -o /tmp/ccPcZULR.s
GNU C++17 (GCC) version 9.3.0 (arm-pxc-linux-gnueabi)
	compiled by GNU C version 9.3.0, GMP version 6.2.0, MPFR version 4.0.2, MPC version 1.1.0, isl version none
GGC heuristics: --param ggc-min-expand=100 --param ggc-min-heapsize=131072
ignoring nonexistent directory "/opt/pxc/sdk/AXCF2152/2021.9/sysroots/cortexa9t2hf-neon-pxc-linux-gnueabi/usr/lib/arm-pxc-linux-gnueabi/9.3.0/include"
ignoring nonexistent directory "/opt/pxc/sdk/AXCF2152/2021.9/sysroots/cortexa9t2hf-neon-pxc-linux-gnueabi/usr/local/include"
ignoring nonexistent directory "/opt/pxc/sdk/AXCF2152/2021.9/sysroots/x86_64-pokysdk-linux/usr/lib/arm-pxc-linux-gnueabi/gcc/arm-pxc-linux-gnueabi/9.3.0/../../../../../arm-pxc-linux-gnueabi/include"
#include "..." search starts here:
#include <...> search starts here:
 /opt/pxc/sdk/AXCF2152/2021.9/sysroots/cortexa9t2hf-neon-pxc-linux-gnueabi/usr/include/c++/9.3.0
 /opt/pxc/sdk/AXCF2152/2021.9/sysroots/cortexa9t2hf-neon-pxc-linux-gnueabi/usr/include/c++/9.3.0/arm-pxc-linux-gnueabi
 /opt/pxc/sdk/AXCF2152/2021.9/sysroots/cortexa9t2hf-neon-pxc-linux-gnueabi/usr/include/c++/9.3.0/backward
 /opt/pxc/sdk/AXCF2152/2021.9/sysroots/x86_64-pokysdk-linux/usr/lib/arm-pxc-linux-gnueabi/gcc/arm-pxc-linux-gnueabi/9.3.0/include
 /opt/pxc/sdk/AXCF2152/2021.9/sysroots/x86_64-pokysdk-linux/usr/lib/arm-pxc-linux-gnueabi/gcc/arm-pxc-linux-gnueabi/9.3.0/include-fixed
 /opt/pxc/sdk/AXCF2152/2021.9/sysroots/cortexa9t2hf-neon-pxc-linux-gnueabi/usr/include/
End of search list.
GNU C++17 (GCC) version 9.3.0 (arm-pxc-linux-gnueabi)
	compiled by GNU C version 9.3.0, GMP version 6.2.0, MPFR version 4.0.2, MPC version 1.1.0, isl version none
GGC heuristics: --param ggc-min-expand=100 --param ggc-min-heapsize=131072
Compiler executable checksum: ce19612d2be6944a78b5ba083014816b
COLLECT_GCC_OPTIONS='--sysroot=/opt/pxc/sdk/AXCF2152/2021.9/sysroots/cortexa9t2hf-neon-pxc-linux-gnueabi' '-mthumb' '-mfpu=neon' '-mfloat-abi=hard' '-mcpu=cortex-a9' '-v' '-std=c++17' '-o' 'CMakeFiles/cmTC_a3481.dir/CMakeCXXCompilerABI.cpp.o' '-c' '-shared-libgcc' '-mtls-dialect=gnu' '-march=armv7-a+mp+sec+simd'
 /opt/pxc/sdk/AXCF2152/2021.9/sysroots/x86_64-pokysdk-linux/usr/libexec/arm-pxc-linux-gnueabi/gcc/arm-pxc-linux-gnueabi/9.3.0/as -v -march=armv7-a+mp+sec -mfloat-abi=hard -mfpu=neon -meabi=5 -o CMakeFiles/cmTC_a3481.dir/CMakeCXXCompilerABI.cpp.o /tmp/ccPcZULR.s
GNU assembler version 2.34.0 (arm-pxc-linux-gnueabi) using BFD version (GNU Binutils) 2.34.0.20200220
COMPILER_PATH=/opt/pxc/sdk/AXCF2152/2021.9/sysroots/x86_64-pokysdk-linux/usr/libexec/arm-pxc-linux-gnueabi/gcc/arm-pxc-linux-gnueabi/9.3.0/:/opt/pxc/sdk/AXCF2152/2021.9/sysroots/x86_64-pokysdk-linux/usr/libexec/arm-pxc-linux-gnueabi/gcc/arm-pxc-linux-gnueabi/9.3.0/:/opt/pxc/sdk/AXCF2152/2021.9/sysroots/x86_64-pokysdk-linux/usr/libexec/arm-pxc-linux-gnueabi/gcc/arm-pxc-linux-gnueabi/:/opt/pxc/sdk/AXCF2152/2021.9/sysroots/x86_64-pokysdk-linux/usr/lib/arm-pxc-linux-gnueabi/gcc/arm-pxc-linux-gnueabi/9.3.0/:/opt/pxc/sdk/AXCF2152/2021.9/sysroots/x86_64-pokysdk-linux/usr/lib/arm-pxc-linux-gnueabi/gcc/arm-pxc-linux-gnueabi/
LIBRARY_PATH=/opt/pxc/sdk/AXCF2152/2021.9/sysroots/x86_64-pokysdk-linux/usr/lib/arm-pxc-linux-gnueabi/gcc/arm-pxc-linux-gnueabi/9.3.0/:/opt/pxc/sdk/AXCF2152/2021.9/sysroots/cortexa9t2hf-neon-pxc-linux-gnueabi/lib/:/opt/pxc/sdk/AXCF2152/2021.9/sysroots/cortexa9t2hf-neon-pxc-linux-gnueabi/usr/lib/arm-pxc-linux-gnueabi/9.3.0/:/opt/pxc/sdk/AXCF2152/2021.9/sysroots/cortexa9t2hf-neon-pxc-linux-gnueabi/usr/lib/
COLLECT_GCC_OPTIONS='--sysroot=/opt/pxc/sdk/AXCF2152/2021.9/sysroots/cortexa9t2hf-neon-pxc-linux-gnueabi' '-mthumb' '-mfpu=neon' '-mfloat-abi=hard' '-mcpu=cortex-a9' '-v' '-std=c++17' '-o' 'CMakeFiles/cmTC_a3481.dir/CMakeCXXCompilerABI.cpp.o' '-c' '-shared-libgcc' '-mtls-dialect=gnu' '-march=armv7-a+mp+sec+simd'
[2/2] Linking CXX executable cmTC_a3481
Using built-in specs.
COLLECT_GCC=/opt/pxc/sdk/AXCF2152/2021.9/sysroots/x86_64-pokysdk-linux/usr/bin/arm-pxc-linux-gnueabi/arm-pxc-linux-gnueabi-g++
COLLECT_LTO_WRAPPER=/opt/pxc/sdk/AXCF2152/2021.9/sysroots/x86_64-pokysdk-linux/usr/libexec/arm-pxc-linux-gnueabi/gcc/arm-pxc-linux-gnueabi/9.3.0/lto-wrapper
Target: arm-pxc-linux-gnueabi
Configured with: ../../../../../../work-shared/gcc-9.3.0-r0/gcc-9.3.0/configure --build=x86_64-linux --host=x86_64-pokysdk-linux --target=arm-pxc-linux-gnueabi --prefix=/opt/pxc/2021.9/sysroots/x86_64-pokysdk-linux/usr --exec_prefix=/opt/pxc/2021.9/sysroots/x86_64-pokysdk-linux/usr --bindir=/opt/pxc/2021.9/sysroots/x86_64-pokysdk-linux/usr/bin/arm-pxc-linux-gnueabi --sbindir=/opt/pxc/2021.9/sysroots/x86_64-pokysdk-linux/usr/bin/arm-pxc-linux-gnueabi --libexecdir=/opt/pxc/2021.9/sysroots/x86_64-pokysdk-linux/usr/libexec/arm-pxc-linux-gnueabi --datadir=/opt/pxc/2021.9/sysroots/x86_64-pokysdk-linux/usr/share --sysconfdir=/opt/pxc/2021.9/sysroots/x86_64-pokysdk-linux/etc --sharedstatedir=/opt/pxc/2021.9/sysroots/x86_64-pokysdk-linux/com --localstatedir=/opt/pxc/2021.9/sysroots/x86_64-pokysdk-linux/var --libdir=/opt/pxc/2021.9/sysroots/x86_64-pokysdk-linux/usr/lib/arm-pxc-linux-gnueabi --includedir=/opt/pxc/2021.9/sysroots/x86_64-pokysdk-linux/usr/include --oldincludedir=/opt/pxc/2021.9/sysroots/x86_64-pokysdk-linux/usr/include --infodir=/opt/pxc/2021.9/sysroots/x86_64-pokysdk-linux/usr/share/info --mandir=/opt/pxc/2021.9/sysroots/x86_64-pokysdk-linux/usr/share/man --disable-silent-rules --disable-dependency-tracking --with-libtool-sysroot=/yocto/jenkins/workspace/ts_Yocto_AXCF2152_release_21.9.x/axcf2152_build/tmp/work/x86_64-nativesdk-pokysdk-linux/gcc-cross-canadian-arm/9.3.0-r0/recipe-sysroot --with-gnu-ld --enable-shared --enable-languages=c,c++ --enable-threads=posix --enable-multilib --enable-default-pie --enable-c99 --enable-long-long --enable-symvers=gnu --enable-libstdcxx-pch --program-prefix=arm-pxc-linux-gnueabi- --without-local-prefix --disable-install-libiberty --enable-lto --disable-libssp --enable-libitm --disable-bootstrap --disable-libmudflap --with-system-zlib --with-linker-hash-style=gnu --enable-linker-build-id --with-ppl=no --with-cloog=no --enable-checking=release --enable-cheaders=c_global --without-isl --with-gxx-include-dir=/not/exist/usr/include/c++/9.3.0 --with-build-time-tools=/yocto/jenkins/workspace/ts_Yocto_AXCF2152_release_21.9.x/axcf2152_build/tmp/work/x86_64-nativesdk-pokysdk-linux/gcc-cross-canadian-arm/9.3.0-r0/recipe-sysroot-native/usr/arm-pxc-linux-gnueabi/bin --with-sysroot=/not/exist --with-build-sysroot=/yocto/jenkins/workspace/ts_Yocto_AXCF2152_release_21.9.x/axcf2152_build/tmp/work/x86_64-nativesdk-pokysdk-linux/gcc-cross-canadian-arm/9.3.0-r0/recipe-sysroot --enable-poison-system-directories --disable-static --enable-nls --with-glibc-version=2.28 --enable-initfini-array
Thread model: posix
gcc version 9.3.0 (GCC) 
COMPILER_PATH=/opt/pxc/sdk/AXCF2152/2021.9/sysroots/x86_64-pokysdk-linux/usr/libexec/arm-pxc-linux-gnueabi/gcc/arm-pxc-linux-gnueabi/9.3.0/:/opt/pxc/sdk/AXCF2152/2021.9/sysroots/x86_64-pokysdk-linux/usr/libexec/arm-pxc-linux-gnueabi/gcc/arm-pxc-linux-gnueabi/9.3.0/:/opt/pxc/sdk/AXCF2152/2021.9/sysroots/x86_64-pokysdk-linux/usr/libexec/arm-pxc-linux-gnueabi/gcc/arm-pxc-linux-gnueabi/:/opt/pxc/sdk/AXCF2152/2021.9/sysroots/x86_64-pokysdk-linux/usr/lib/arm-pxc-linux-gnueabi/gcc/arm-pxc-linux-gnueabi/9.3.0/:/opt/pxc/sdk/AXCF2152/2021.9/sysroots/x86_64-pokysdk-linux/usr/lib/arm-pxc-linux-gnueabi/gcc/arm-pxc-linux-gnueabi/
LIBRARY_PATH=/opt/pxc/sdk/AXCF2152/2021.9/sysroots/x86_64-pokysdk-linux/usr/lib/arm-pxc-linux-gnueabi/gcc/arm-pxc-linux-gnueabi/9.3.0/:/opt/pxc/sdk/AXCF2152/2021.9/sysroots/cortexa9t2hf-neon-pxc-linux-gnueabi/lib/:/opt/pxc/sdk/AXCF2152/2021.9/sysroots/cortexa9t2hf-neon-pxc-linux-gnueabi/usr/lib/arm-pxc-linux-gnueabi/9.3.0/:/opt/pxc/sdk/AXCF2152/2021.9/sysroots/cortexa9t2hf-neon-pxc-linux-gnueabi/usr/lib/
COLLECT_GCC_OPTIONS='--sysroot=/opt/pxc/sdk/AXCF2152/2021.9/sysroots/cortexa9t2hf-neon-pxc-linux-gnueabi' '-mfpu=neon' '-mfloat-abi=hard' '-mthumb' '-mfpu=neon' '-mfloat-abi=hard' '-mcpu=cortex-a9' '-v' '-o' 'cmTC_a3481' '-shared-libgcc' '-mtls-dialect=gnu' '-march=armv7-a+mp+sec+simd'
 /opt/pxc/sdk/AXCF2152/2021.9/sysroots/x86_64-pokysdk-linux/usr/libexec/arm-pxc-linux-gnueabi/gcc/arm-pxc-linux-gnueabi/9.3.0/collect2 -plugin /opt/pxc/sdk/AXCF2152/2021.9/sysroots/x86_64-pokysdk-linux/usr/libexec/arm-pxc-linux-gnueabi/gcc/arm-pxc-linux-gnueabi/9.3.0/liblto_plugin.so -plugin-opt=/opt/pxc/sdk/AXCF2152/2021.9/sysroots/x86_64-pokysdk-linux/usr/libexec/arm-pxc-linux-gnueabi/gcc/arm-pxc-linux-gnueabi/9.3.0/lto-wrapper -plugin-opt=-fresolution=/tmp/ccoE3Ode.res -plugin-opt=-pass-through=-lgcc_s -plugin-opt=-pass-through=-lgcc -plugin-opt=-pass-through=-lc -plugin-opt=-pass-through=-lgcc_s -plugin-opt=-pass-through=-lgcc --sysroot=/opt/pxc/sdk/AXCF2152/2021.9/sysroots/cortexa9t2hf-neon-pxc-linux-gnueabi --build-id --eh-frame-hdr --hash-style=gnu -dynamic-linker /lib/ld-linux-armhf.so.3 -X -m armelf_linux_eabi -pie -o cmTC_a3481 /opt/pxc/sdk/AXCF2152/2021.9/sysroots/cortexa9t2hf-neon-pxc-linux-gnueabi/usr/lib/Scrt1.o /opt/pxc/sdk/AXCF2152/2021.9/sysroots/cortexa9t2hf-neon-pxc-linux-gnueabi/usr/lib/crti.o /opt/pxc/sdk/AXCF2152/2021.9/sysroots/cortexa9t2hf-neon-pxc-linux-gnueabi/usr/lib/arm-pxc-linux-gnueabi/9.3.0/crtbeginS.o -L/opt/pxc/sdk/AXCF2152/2021.9/sysroots/x86_64-pokysdk-linux/usr/lib/arm-pxc-linux-gnueabi/gcc/arm-pxc-linux-gnueabi/9.3.0 -L/opt/pxc/sdk/AXCF2152/2021.9/sysroots/cortexa9t2hf-neon-pxc-linux-gnueabi/lib -L/opt/pxc/sdk/AXCF2152/2021.9/sysroots/cortexa9t2hf-neon-pxc-linux-gnueabi/usr/lib/arm-pxc-linux-gnueabi/9.3.0 -L/opt/pxc/sdk/AXCF2152/2021.9/sysroots/cortexa9t2hf-neon-pxc-linux-gnueabi/usr/lib CMakeFiles/cmTC_a3481.dir/CMakeCXXCompilerABI.cpp.o -lstdc++ -lm -lgcc_s -lgcc -lc -lgcc_s -lgcc /opt/pxc/sdk/AXCF2152/2021.9/sysroots/cortexa9t2hf-neon-pxc-linux-gnueabi/usr/lib/arm-pxc-linux-gnueabi/9.3.0/crtendS.o /opt/pxc/sdk/AXCF2152/2021.9/sysroots/cortexa9t2hf-neon-pxc-linux-gnueabi/usr/lib/crtn.o
COLLECT_GCC_OPTIONS='--sysroot=/opt/pxc/sdk/AXCF2152/2021.9/sysroots/cortexa9t2hf-neon-pxc-linux-gnueabi' '-mfpu=neon' '-mfloat-abi=hard' '-mthumb' '-mfpu=neon' '-mfloat-abi=hard' '-mcpu=cortex-a9' '-v' '-o' 'cmTC_a3481' '-shared-libgcc' '-mtls-dialect=gnu' '-march=armv7-a+mp+sec+simd'



Parsed CXX implicit include dir info from above output: rv=done
  found start of include info
  found start of implicit include info
    add: [/opt/pxc/sdk/AXCF2152/2021.9/sysroots/cortexa9t2hf-neon-pxc-linux-gnueabi/usr/include/c++/9.3.0]
    add: [/opt/pxc/sdk/AXCF2152/2021.9/sysroots/cortexa9t2hf-neon-pxc-linux-gnueabi/usr/include/c++/9.3.0/arm-pxc-linux-gnueabi]
    add: [/opt/pxc/sdk/AXCF2152/2021.9/sysroots/cortexa9t2hf-neon-pxc-linux-gnueabi/usr/include/c++/9.3.0/backward]
    add: [/opt/pxc/sdk/AXCF2152/2021.9/sysroots/x86_64-pokysdk-linux/usr/lib/arm-pxc-linux-gnueabi/gcc/arm-pxc-linux-gnueabi/9.3.0/include]
    add: [/opt/pxc/sdk/AXCF2152/2021.9/sysroots/x86_64-pokysdk-linux/usr/lib/arm-pxc-linux-gnueabi/gcc/arm-pxc-linux-gnueabi/9.3.0/include-fixed]
    add: [/opt/pxc/sdk/AXCF2152/2021.9/sysroots/cortexa9t2hf-neon-pxc-linux-gnueabi/usr/include/]
  end of search list found
  collapse include dir [/opt/pxc/sdk/AXCF2152/2021.9/sysroots/cortexa9t2hf-neon-pxc-linux-gnueabi/usr/include/c++/9.3.0] ==> [/opt/pxc/sdk/AXCF2152/2021.9/sysroots/cortexa9t2hf-neon-pxc-linux-gnueabi/usr/include/c++/9.3.0]
  collapse include dir [/opt/pxc/sdk/AXCF2152/2021.9/sysroots/cortexa9t2hf-neon-pxc-linux-gnueabi/usr/include/c++/9.3.0/arm-pxc-linux-gnueabi] ==> [/opt/pxc/sdk/AXCF2152/2021.9/sysroots/cortexa9t2hf-neon-pxc-linux-gnueabi/usr/include/c++/9.3.0/arm-pxc-linux-gnueabi]
  collapse include dir [/opt/pxc/sdk/AXCF2152/2021.9/sysroots/cortexa9t2hf-neon-pxc-linux-gnueabi/usr/include/c++/9.3.0/backward] ==> [/opt/pxc/sdk/AXCF2152/2021.9/sysroots/cortexa9t2hf-neon-pxc-linux-gnueabi/usr/include/c++/9.3.0/backward]
  collapse include dir [/opt/pxc/sdk/AXCF2152/2021.9/sysroots/x86_64-pokysdk-linux/usr/lib/arm-pxc-linux-gnueabi/gcc/arm-pxc-linux-gnueabi/9.3.0/include] ==> [/opt/pxc/sdk/AXCF2152/2021.9/sysroots/x86_64-pokysdk-linux/usr/lib/arm-pxc-linux-gnueabi/gcc/arm-pxc-linux-gnueabi/9.3.0/include]
  collapse include dir [/opt/pxc/sdk/AXCF2152/2021.9/sysroots/x86_64-pokysdk-linux/usr/lib/arm-pxc-linux-gnueabi/gcc/arm-pxc-linux-gnueabi/9.3.0/include-fixed] ==> [/opt/pxc/sdk/AXCF2152/2021.9/sysroots/x86_64-pokysdk-linux/usr/lib/arm-pxc-linux-gnueabi/gcc/arm-pxc-linux-gnueabi/9.3.0/include-fixed]
  collapse include dir [/opt/pxc/sdk/AXCF2152/2021.9/sysroots/cortexa9t2hf-neon-pxc-linux-gnueabi/usr/include/] ==> [/opt/pxc/sdk/AXCF2152/2021.9/sysroots/cortexa9t2hf-neon-pxc-linux-gnueabi/usr/include]
  implicit include dirs: [/opt/pxc/sdk/AXCF2152/2021.9/sysroots/cortexa9t2hf-neon-pxc-linux-gnueabi/usr/include/c++/9.3.0;/opt/pxc/sdk/AXCF2152/2021.9/sysroots/cortexa9t2hf-neon-pxc-linux-gnueabi/usr/include/c++/9.3.0/arm-pxc-linux-gnueabi;/opt/pxc/sdk/AXCF2152/2021.9/sysroots/cortexa9t2hf-neon-pxc-linux-gnueabi/usr/include/c++/9.3.0/backward;/opt/pxc/sdk/AXCF2152/2021.9/sysroots/x86_64-pokysdk-linux/usr/lib/arm-pxc-linux-gnueabi/gcc/arm-pxc-linux-gnueabi/9.3.0/include;/opt/pxc/sdk/AXCF2152/2021.9/sysroots/x86_64-pokysdk-linux/usr/lib/arm-pxc-linux-gnueabi/gcc/arm-pxc-linux-gnueabi/9.3.0/include-fixed;/opt/pxc/sdk/AXCF2152/2021.9/sysroots/cortexa9t2hf-neon-pxc-linux-gnueabi/usr/include]


Parsed CXX implicit link information from above output:
  link line regex: [^( *|.*[/\])(arm-pxc-linux-gnueabi-ld|CMAKE_LINK_STARTFILE-NOTFOUND|([^/\]+-)?ld|collect2)[^/\]*( |$)]
  ignore line: [Change Dir: /home/scytheman/Desktop/Proj/Hello-PLCnext/bin/AXCF2152_2021.9.0 (21.9.0.40)/CMakeFiles/CMakeTmp]
  ignore line: []
  ignore line: [Run Build Command(s):/usr/bin/ninja cmTC_a3481 && [1/2] Building CXX object CMakeFiles/cmTC_a3481.dir/CMakeCXXCompilerABI.cpp.o]
  ignore line: [Using built-in specs.]
  ignore line: [COLLECT_GCC=/opt/pxc/sdk/AXCF2152/2021.9/sysroots/x86_64-pokysdk-linux/usr/bin/arm-pxc-linux-gnueabi/arm-pxc-linux-gnueabi-g++]
  ignore line: [Target: arm-pxc-linux-gnueabi]
  ignore line: [Configured with: ../../../../../../work-shared/gcc-9.3.0-r0/gcc-9.3.0/configure --build=x86_64-linux --host=x86_64-pokysdk-linux --target=arm-pxc-linux-gnueabi --prefix=/opt/pxc/2021.9/sysroots/x86_64-pokysdk-linux/usr --exec_prefix=/opt/pxc/2021.9/sysroots/x86_64-pokysdk-linux/usr --bindir=/opt/pxc/2021.9/sysroots/x86_64-pokysdk-linux/usr/bin/arm-pxc-linux-gnueabi --sbindir=/opt/pxc/2021.9/sysroots/x86_64-pokysdk-linux/usr/bin/arm-pxc-linux-gnueabi --libexecdir=/opt/pxc/2021.9/sysroots/x86_64-pokysdk-linux/usr/libexec/arm-pxc-linux-gnueabi --datadir=/opt/pxc/2021.9/sysroots/x86_64-pokysdk-linux/usr/share --sysconfdir=/opt/pxc/2021.9/sysroots/x86_64-pokysdk-linux/etc --sharedstatedir=/opt/pxc/2021.9/sysroots/x86_64-pokysdk-linux/com --localstatedir=/opt/pxc/2021.9/sysroots/x86_64-pokysdk-linux/var --libdir=/opt/pxc/2021.9/sysroots/x86_64-pokysdk-linux/usr/lib/arm-pxc-linux-gnueabi --includedir=/opt/pxc/2021.9/sysroots/x86_64-pokysdk-linux/usr/include --oldincludedir=/opt/pxc/2021.9/sysroots/x86_64-pokysdk-linux/usr/include --infodir=/opt/pxc/2021.9/sysroots/x86_64-pokysdk-linux/usr/share/info --mandir=/opt/pxc/2021.9/sysroots/x86_64-pokysdk-linux/usr/share/man --disable-silent-rules --disable-dependency-tracking --with-libtool-sysroot=/yocto/jenkins/workspace/ts_Yocto_AXCF2152_release_21.9.x/axcf2152_build/tmp/work/x86_64-nativesdk-pokysdk-linux/gcc-cross-canadian-arm/9.3.0-r0/recipe-sysroot --with-gnu-ld --enable-shared --enable-languages=c,c++ --enable-threads=posix --enable-multilib --enable-default-pie --enable-c99 --enable-long-long --enable-symvers=gnu --enable-libstdcxx-pch --program-prefix=arm-pxc-linux-gnueabi- --without-local-prefix --disable-install-libiberty --enable-lto --disable-libssp --enable-libitm --disable-bootstrap --disable-libmudflap --with-system-zlib --with-linker-hash-style=gnu --enable-linker-build-id --with-ppl=no --with-cloog=no --enable-checking=release --enable-cheaders=c_global --without-isl --with-gxx-include-dir=/not/exist/usr/include/c++/9.3.0 --with-build-time-tools=/yocto/jenkins/workspace/ts_Yocto_AXCF2152_release_21.9.x/axcf2152_build/tmp/work/x86_64-nativesdk-pokysdk-linux/gcc-cross-canadian-arm/9.3.0-r0/recipe-sysroot-native/usr/arm-pxc-linux-gnueabi/bin --with-sysroot=/not/exist --with-build-sysroot=/yocto/jenkins/workspace/ts_Yocto_AXCF2152_release_21.9.x/axcf2152_build/tmp/work/x86_64-nativesdk-pokysdk-linux/gcc-cross-canadian-arm/9.3.0-r0/recipe-sysroot --enable-poison-system-directories --disable-static --enable-nls --with-glibc-version=2.28 --enable-initfini-array]
  ignore line: [Thread model: posix]
  ignore line: [gcc version 9.3.0 (GCC) ]
  ignore line: [COLLECT_GCC_OPTIONS='--sysroot=/opt/pxc/sdk/AXCF2152/2021.9/sysroots/cortexa9t2hf-neon-pxc-linux-gnueabi' '-mthumb' '-mfpu=neon' '-mfloat-abi=hard' '-mcpu=cortex-a9' '-v' '-std=c++17' '-o' 'CMakeFiles/cmTC_a3481.dir/CMakeCXXCompilerABI.cpp.o' '-c' '-shared-libgcc' '-mtls-dialect=gnu' '-march=armv7-a+mp+sec+simd']
  ignore line: [ /opt/pxc/sdk/AXCF2152/2021.9/sysroots/x86_64-pokysdk-linux/usr/libexec/arm-pxc-linux-gnueabi/gcc/arm-pxc-linux-gnueabi/9.3.0/cc1plus -quiet -v -isysroot /opt/pxc/sdk/AXCF2152/2021.9/sysroots/cortexa9t2hf-neon-pxc-linux-gnueabi -D_GNU_SOURCE /usr/share/cmake-3.22/Modules/CMakeCXXCompilerABI.cpp -quiet -dumpbase CMakeCXXCompilerABI.cpp -mthumb -mfpu=neon -mfloat-abi=hard -mcpu=cortex-a9 -mtls-dialect=gnu -march=armv7-a+mp+sec+simd -auxbase-strip CMakeFiles/cmTC_a3481.dir/CMakeCXXCompilerABI.cpp.o -std=c++17 -version -o /tmp/ccPcZULR.s]
  ignore line: [GNU C++17 (GCC) version 9.3.0 (arm-pxc-linux-gnueabi)]
  ignore line: [	compiled by GNU C version 9.3.0  GMP version 6.2.0  MPFR version 4.0.2  MPC version 1.1.0  isl version none]
  ignore line: [GGC heuristics: --param ggc-min-expand=100 --param ggc-min-heapsize=131072]
  ignore line: [ignoring nonexistent directory "/opt/pxc/sdk/AXCF2152/2021.9/sysroots/cortexa9t2hf-neon-pxc-linux-gnueabi/usr/lib/arm-pxc-linux-gnueabi/9.3.0/include"]
  ignore line: [ignoring nonexistent directory "/opt/pxc/sdk/AXCF2152/2021.9/sysroots/cortexa9t2hf-neon-pxc-linux-gnueabi/usr/local/include"]
  ignore line: [ignoring nonexistent directory "/opt/pxc/sdk/AXCF2152/2021.9/sysroots/x86_64-pokysdk-linux/usr/lib/arm-pxc-linux-gnueabi/gcc/arm-pxc-linux-gnueabi/9.3.0/../../../../../arm-pxc-linux-gnueabi/include"]
  ignore line: [#include "..." search starts here:]
  ignore line: [#include <...> search starts here:]
  ignore line: [ /opt/pxc/sdk/AXCF2152/2021.9/sysroots/cortexa9t2hf-neon-pxc-linux-gnueabi/usr/include/c++/9.3.0]
  ignore line: [ /opt/pxc/sdk/AXCF2152/2021.9/sysroots/cortexa9t2hf-neon-pxc-linux-gnueabi/usr/include/c++/9.3.0/arm-pxc-linux-gnueabi]
  ignore line: [ /opt/pxc/sdk/AXCF2152/2021.9/sysroots/cortexa9t2hf-neon-pxc-linux-gnueabi/usr/include/c++/9.3.0/backward]
  ignore line: [ /opt/pxc/sdk/AXCF2152/2021.9/sysroots/x86_64-pokysdk-linux/usr/lib/arm-pxc-linux-gnueabi/gcc/arm-pxc-linux-gnueabi/9.3.0/include]
  ignore line: [ /opt/pxc/sdk/AXCF2152/2021.9/sysroots/x86_64-pokysdk-linux/usr/lib/arm-pxc-linux-gnueabi/gcc/arm-pxc-linux-gnueabi/9.3.0/include-fixed]
  ignore line: [ /opt/pxc/sdk/AXCF2152/2021.9/sysroots/cortexa9t2hf-neon-pxc-linux-gnueabi/usr/include/]
  ignore line: [End of search list.]
  ignore line: [GNU C++17 (GCC) version 9.3.0 (arm-pxc-linux-gnueabi)]
  ignore line: [	compiled by GNU C version 9.3.0  GMP version 6.2.0  MPFR version 4.0.2  MPC version 1.1.0  isl version none]
  ignore line: [GGC heuristics: --param ggc-min-expand=100 --param ggc-min-heapsize=131072]
  ignore line: [Compiler executable checksum: ce19612d2be6944a78b5ba083014816b]
  ignore line: [COLLECT_GCC_OPTIONS='--sysroot=/opt/pxc/sdk/AXCF2152/2021.9/sysroots/cortexa9t2hf-neon-pxc-linux-gnueabi' '-mthumb' '-mfpu=neon' '-mfloat-abi=hard' '-mcpu=cortex-a9' '-v' '-std=c++17' '-o' 'CMakeFiles/cmTC_a3481.dir/CMakeCXXCompilerABI.cpp.o' '-c' '-shared-libgcc' '-mtls-dialect=gnu' '-march=armv7-a+mp+sec+simd']
  ignore line: [ /opt/pxc/sdk/AXCF2152/2021.9/sysroots/x86_64-pokysdk-linux/usr/libexec/arm-pxc-linux-gnueabi/gcc/arm-pxc-linux-gnueabi/9.3.0/as -v -march=armv7-a+mp+sec -mfloat-abi=hard -mfpu=neon -meabi=5 -o CMakeFiles/cmTC_a3481.dir/CMakeCXXCompilerABI.cpp.o /tmp/ccPcZULR.s]
  ignore line: [GNU assembler version 2.34.0 (arm-pxc-linux-gnueabi) using BFD version (GNU Binutils) 2.34.0.20200220]
  ignore line: [COMPILER_PATH=/opt/pxc/sdk/AXCF2152/2021.9/sysroots/x86_64-pokysdk-linux/usr/libexec/arm-pxc-linux-gnueabi/gcc/arm-pxc-linux-gnueabi/9.3.0/:/opt/pxc/sdk/AXCF2152/2021.9/sysroots/x86_64-pokysdk-linux/usr/libexec/arm-pxc-linux-gnueabi/gcc/arm-pxc-linux-gnueabi/9.3.0/:/opt/pxc/sdk/AXCF2152/2021.9/sysroots/x86_64-pokysdk-linux/usr/libexec/arm-pxc-linux-gnueabi/gcc/arm-pxc-linux-gnueabi/:/opt/pxc/sdk/AXCF2152/2021.9/sysroots/x86_64-pokysdk-linux/usr/lib/arm-pxc-linux-gnueabi/gcc/arm-pxc-linux-gnueabi/9.3.0/:/opt/pxc/sdk/AXCF2152/2021.9/sysroots/x86_64-pokysdk-linux/usr/lib/arm-pxc-linux-gnueabi/gcc/arm-pxc-linux-gnueabi/]
  ignore line: [LIBRARY_PATH=/opt/pxc/sdk/AXCF2152/2021.9/sysroots/x86_64-pokysdk-linux/usr/lib/arm-pxc-linux-gnueabi/gcc/arm-pxc-linux-gnueabi/9.3.0/:/opt/pxc/sdk/AXCF2152/2021.9/sysroots/cortexa9t2hf-neon-pxc-linux-gnueabi/lib/:/opt/pxc/sdk/AXCF2152/2021.9/sysroots/cortexa9t2hf-neon-pxc-linux-gnueabi/usr/lib/arm-pxc-linux-gnueabi/9.3.0/:/opt/pxc/sdk/AXCF2152/2021.9/sysroots/cortexa9t2hf-neon-pxc-linux-gnueabi/usr/lib/]
  ignore line: [COLLECT_GCC_OPTIONS='--sysroot=/opt/pxc/sdk/AXCF2152/2021.9/sysroots/cortexa9t2hf-neon-pxc-linux-gnueabi' '-mthumb' '-mfpu=neon' '-mfloat-abi=hard' '-mcpu=cortex-a9' '-v' '-std=c++17' '-o' 'CMakeFiles/cmTC_a3481.dir/CMakeCXXCompilerABI.cpp.o' '-c' '-shared-libgcc' '-mtls-dialect=gnu' '-march=armv7-a+mp+sec+simd']
  ignore line: [[2/2] Linking CXX executable cmTC_a3481]
  ignore line: [Using built-in specs.]
  ignore line: [COLLECT_GCC=/opt/pxc/sdk/AXCF2152/2021.9/sysroots/x86_64-pokysdk-linux/usr/bin/arm-pxc-linux-gnueabi/arm-pxc-linux-gnueabi-g++]
  ignore line: [COLLECT_LTO_WRAPPER=/opt/pxc/sdk/AXCF2152/2021.9/sysroots/x86_64-pokysdk-linux/usr/libexec/arm-pxc-linux-gnueabi/gcc/arm-pxc-linux-gnueabi/9.3.0/lto-wrapper]
  ignore line: [Target: arm-pxc-linux-gnueabi]
  ignore line: [Configured with: ../../../../../../work-shared/gcc-9.3.0-r0/gcc-9.3.0/configure --build=x86_64-linux --host=x86_64-pokysdk-linux --target=arm-pxc-linux-gnueabi --prefix=/opt/pxc/2021.9/sysroots/x86_64-pokysdk-linux/usr --exec_prefix=/opt/pxc/2021.9/sysroots/x86_64-pokysdk-linux/usr --bindir=/opt/pxc/2021.9/sysroots/x86_64-pokysdk-linux/usr/bin/arm-pxc-linux-gnueabi --sbindir=/opt/pxc/2021.9/sysroots/x86_64-pokysdk-linux/usr/bin/arm-pxc-linux-gnueabi --libexecdir=/opt/pxc/2021.9/sysroots/x86_64-pokysdk-linux/usr/libexec/arm-pxc-linux-gnueabi --datadir=/opt/pxc/2021.9/sysroots/x86_64-pokysdk-linux/usr/share --sysconfdir=/opt/pxc/2021.9/sysroots/x86_64-pokysdk-linux/etc --sharedstatedir=/opt/pxc/2021.9/sysroots/x86_64-pokysdk-linux/com --localstatedir=/opt/pxc/2021.9/sysroots/x86_64-pokysdk-linux/var --libdir=/opt/pxc/2021.9/sysroots/x86_64-pokysdk-linux/usr/lib/arm-pxc-linux-gnueabi --includedir=/opt/pxc/2021.9/sysroots/x86_64-pokysdk-linux/usr/include --oldincludedir=/opt/pxc/2021.9/sysroots/x86_64-pokysdk-linux/usr/include --infodir=/opt/pxc/2021.9/sysroots/x86_64-pokysdk-linux/usr/share/info --mandir=/opt/pxc/2021.9/sysroots/x86_64-pokysdk-linux/usr/share/man --disable-silent-rules --disable-dependency-tracking --with-libtool-sysroot=/yocto/jenkins/workspace/ts_Yocto_AXCF2152_release_21.9.x/axcf2152_build/tmp/work/x86_64-nativesdk-pokysdk-linux/gcc-cross-canadian-arm/9.3.0-r0/recipe-sysroot --with-gnu-ld --enable-shared --enable-languages=c,c++ --enable-threads=posix --enable-multilib --enable-default-pie --enable-c99 --enable-long-long --enable-symvers=gnu --enable-libstdcxx-pch --program-prefix=arm-pxc-linux-gnueabi- --without-local-prefix --disable-install-libiberty --enable-lto --disable-libssp --enable-libitm --disable-bootstrap --disable-libmudflap --with-system-zlib --with-linker-hash-style=gnu --enable-linker-build-id --with-ppl=no --with-cloog=no --enable-checking=release --enable-cheaders=c_global --without-isl --with-gxx-include-dir=/not/exist/usr/include/c++/9.3.0 --with-build-time-tools=/yocto/jenkins/workspace/ts_Yocto_AXCF2152_release_21.9.x/axcf2152_build/tmp/work/x86_64-nativesdk-pokysdk-linux/gcc-cross-canadian-arm/9.3.0-r0/recipe-sysroot-native/usr/arm-pxc-linux-gnueabi/bin --with-sysroot=/not/exist --with-build-sysroot=/yocto/jenkins/workspace/ts_Yocto_AXCF2152_release_21.9.x/axcf2152_build/tmp/work/x86_64-nativesdk-pokysdk-linux/gcc-cross-canadian-arm/9.3.0-r0/recipe-sysroot --enable-poison-system-directories --disable-static --enable-nls --with-glibc-version=2.28 --enable-initfini-array]
  ignore line: [Thread model: posix]
  ignore line: [gcc version 9.3.0 (GCC) ]
  ignore line: [COMPILER_PATH=/opt/pxc/sdk/AXCF2152/2021.9/sysroots/x86_64-pokysdk-linux/usr/libexec/arm-pxc-linux-gnueabi/gcc/arm-pxc-linux-gnueabi/9.3.0/:/opt/pxc/sdk/AXCF2152/2021.9/sysroots/x86_64-pokysdk-linux/usr/libexec/arm-pxc-linux-gnueabi/gcc/arm-pxc-linux-gnueabi/9.3.0/:/opt/pxc/sdk/AXCF2152/2021.9/sysroots/x86_64-pokysdk-linux/usr/libexec/arm-pxc-linux-gnueabi/gcc/arm-pxc-linux-gnueabi/:/opt/pxc/sdk/AXCF2152/2021.9/sysroots/x86_64-pokysdk-linux/usr/lib/arm-pxc-linux-gnueabi/gcc/arm-pxc-linux-gnueabi/9.3.0/:/opt/pxc/sdk/AXCF2152/2021.9/sysroots/x86_64-pokysdk-linux/usr/lib/arm-pxc-linux-gnueabi/gcc/arm-pxc-linux-gnueabi/]
  ignore line: [LIBRARY_PATH=/opt/pxc/sdk/AXCF2152/2021.9/sysroots/x86_64-pokysdk-linux/usr/lib/arm-pxc-linux-gnueabi/gcc/arm-pxc-linux-gnueabi/9.3.0/:/opt/pxc/sdk/AXCF2152/2021.9/sysroots/cortexa9t2hf-neon-pxc-linux-gnueabi/lib/:/opt/pxc/sdk/AXCF2152/2021.9/sysroots/cortexa9t2hf-neon-pxc-linux-gnueabi/usr/lib/arm-pxc-linux-gnueabi/9.3.0/:/opt/pxc/sdk/AXCF2152/2021.9/sysroots/cortexa9t2hf-neon-pxc-linux-gnueabi/usr/lib/]
  ignore line: [COLLECT_GCC_OPTIONS='--sysroot=/opt/pxc/sdk/AXCF2152/2021.9/sysroots/cortexa9t2hf-neon-pxc-linux-gnueabi' '-mfpu=neon' '-mfloat-abi=hard' '-mthumb' '-mfpu=neon' '-mfloat-abi=hard' '-mcpu=cortex-a9' '-v' '-o' 'cmTC_a3481' '-shared-libgcc' '-mtls-dialect=gnu' '-march=armv7-a+mp+sec+simd']
  link line: [ /opt/pxc/sdk/AXCF2152/2021.9/sysroots/x86_64-pokysdk-linux/usr/libexec/arm-pxc-linux-gnueabi/gcc/arm-pxc-linux-gnueabi/9.3.0/collect2 -plugin /opt/pxc/sdk/AXCF2152/2021.9/sysroots/x86_64-pokysdk-linux/usr/libexec/arm-pxc-linux-gnueabi/gcc/arm-pxc-linux-gnueabi/9.3.0/liblto_plugin.so -plugin-opt=/opt/pxc/sdk/AXCF2152/2021.9/sysroots/x86_64-pokysdk-linux/usr/libexec/arm-pxc-linux-gnueabi/gcc/arm-pxc-linux-gnueabi/9.3.0/lto-wrapper -plugin-opt=-fresolution=/tmp/ccoE3Ode.res -plugin-opt=-pass-through=-lgcc_s -plugin-opt=-pass-through=-lgcc -plugin-opt=-pass-through=-lc -plugin-opt=-pass-through=-lgcc_s -plugin-opt=-pass-through=-lgcc --sysroot=/opt/pxc/sdk/AXCF2152/2021.9/sysroots/cortexa9t2hf-neon-pxc-linux-gnueabi --build-id --eh-frame-hdr --hash-style=gnu -dynamic-linker /lib/ld-linux-armhf.so.3 -X -m armelf_linux_eabi -pie -o cmTC_a3481 /opt/pxc/sdk/AXCF2152/2021.9/sysroots/cortexa9t2hf-neon-pxc-linux-gnueabi/usr/lib/Scrt1.o /opt/pxc/sdk/AXCF2152/2021.9/sysroots/cortexa9t2hf-neon-pxc-linux-gnueabi/usr/lib/crti.o /opt/pxc/sdk/AXCF2152/2021.9/sysroots/cortexa9t2hf-neon-pxc-linux-gnueabi/usr/lib/arm-pxc-linux-gnueabi/9.3.0/crtbeginS.o -L/opt/pxc/sdk/AXCF2152/2021.9/sysroots/x86_64-pokysdk-linux/usr/lib/arm-pxc-linux-gnueabi/gcc/arm-pxc-linux-gnueabi/9.3.0 -L/opt/pxc/sdk/AXCF2152/2021.9/sysroots/cortexa9t2hf-neon-pxc-linux-gnueabi/lib -L/opt/pxc/sdk/AXCF2152/2021.9/sysroots/cortexa9t2hf-neon-pxc-linux-gnueabi/usr/lib/arm-pxc-linux-gnueabi/9.3.0 -L/opt/pxc/sdk/AXCF2152/2021.9/sysroots/cortexa9t2hf-neon-pxc-linux-gnueabi/usr/lib CMakeFiles/cmTC_a3481.dir/CMakeCXXCompilerABI.cpp.o -lstdc++ -lm -lgcc_s -lgcc -lc -lgcc_s -lgcc /opt/pxc/sdk/AXCF2152/2021.9/sysroots/cortexa9t2hf-neon-pxc-linux-gnueabi/usr/lib/arm-pxc-linux-gnueabi/9.3.0/crtendS.o /opt/pxc/sdk/AXCF2152/2021.9/sysroots/cortexa9t2hf-neon-pxc-linux-gnueabi/usr/lib/crtn.o]
    arg [/opt/pxc/sdk/AXCF2152/2021.9/sysroots/x86_64-pokysdk-linux/usr/libexec/arm-pxc-linux-gnueabi/gcc/arm-pxc-linux-gnueabi/9.3.0/collect2] ==> ignore
    arg [-plugin] ==> ignore
    arg [/opt/pxc/sdk/AXCF2152/2021.9/sysroots/x86_64-pokysdk-linux/usr/libexec/arm-pxc-linux-gnueabi/gcc/arm-pxc-linux-gnueabi/9.3.0/liblto_plugin.so] ==> ignore
    arg [-plugin-opt=/opt/pxc/sdk/AXCF2152/2021.9/sysroots/x86_64-pokysdk-linux/usr/libexec/arm-pxc-linux-gnueabi/gcc/arm-pxc-linux-gnueabi/9.3.0/lto-wrapper] ==> ignore
    arg [-plugin-opt=-fresolution=/tmp/ccoE3Ode.res] ==> ignore
    arg [-plugin-opt=-pass-through=-lgcc_s] ==> ignore
    arg [-plugin-opt=-pass-through=-lgcc] ==> ignore
    arg [-plugin-opt=-pass-through=-lc] ==> ignore
    arg [-plugin-opt=-pass-through=-lgcc_s] ==> ignore
    arg [-plugin-opt=-pass-through=-lgcc] ==> ignore
    arg [--sysroot=/opt/pxc/sdk/AXCF2152/2021.9/sysroots/cortexa9t2hf-neon-pxc-linux-gnueabi] ==> ignore
    arg [--build-id] ==> ignore
    arg [--eh-frame-hdr] ==> ignore
    arg [--hash-style=gnu] ==> ignore
    arg [-dynamic-linker] ==> ignore
    arg [/lib/ld-linux-armhf.so.3] ==> ignore
    arg [-X] ==> ignore
    arg [-m] ==> ignore
    arg [armelf_linux_eabi] ==> ignore
    arg [-pie] ==> ignore
    arg [-o] ==> ignore
    arg [cmTC_a3481] ==> ignore
    arg [/opt/pxc/sdk/AXCF2152/2021.9/sysroots/cortexa9t2hf-neon-pxc-linux-gnueabi/usr/lib/Scrt1.o] ==> obj [/opt/pxc/sdk/AXCF2152/2021.9/sysroots/cortexa9t2hf-neon-pxc-linux-gnueabi/usr/lib/Scrt1.o]
    arg [/opt/pxc/sdk/AXCF2152/2021.9/sysroots/cortexa9t2hf-neon-pxc-linux-gnueabi/usr/lib/crti.o] ==> obj [/opt/pxc/sdk/AXCF2152/2021.9/sysroots/cortexa9t2hf-neon-pxc-linux-gnueabi/usr/lib/crti.o]
    arg [/opt/pxc/sdk/AXCF2152/2021.9/sysroots/cortexa9t2hf-neon-pxc-linux-gnueabi/usr/lib/arm-pxc-linux-gnueabi/9.3.0/crtbeginS.o] ==> obj [/opt/pxc/sdk/AXCF2152/2021.9/sysroots/cortexa9t2hf-neon-pxc-linux-gnueabi/usr/lib/arm-pxc-linux-gnueabi/9.3.0/crtbeginS.o]
    arg [-L/opt/pxc/sdk/AXCF2152/2021.9/sysroots/x86_64-pokysdk-linux/usr/lib/arm-pxc-linux-gnueabi/gcc/arm-pxc-linux-gnueabi/9.3.0] ==> dir [/opt/pxc/sdk/AXCF2152/2021.9/sysroots/x86_64-pokysdk-linux/usr/lib/arm-pxc-linux-gnueabi/gcc/arm-pxc-linux-gnueabi/9.3.0]
    arg [-L/opt/pxc/sdk/AXCF2152/2021.9/sysroots/cortexa9t2hf-neon-pxc-linux-gnueabi/lib] ==> dir [/opt/pxc/sdk/AXCF2152/2021.9/sysroots/cortexa9t2hf-neon-pxc-linux-gnueabi/lib]
    arg [-L/opt/pxc/sdk/AXCF2152/2021.9/sysroots/cortexa9t2hf-neon-pxc-linux-gnueabi/usr/lib/arm-pxc-linux-gnueabi/9.3.0] ==> dir [/opt/pxc/sdk/AXCF2152/2021.9/sysroots/cortexa9t2hf-neon-pxc-linux-gnueabi/usr/lib/arm-pxc-linux-gnueabi/9.3.0]
    arg [-L/opt/pxc/sdk/AXCF2152/2021.9/sysroots/cortexa9t2hf-neon-pxc-linux-gnueabi/usr/lib] ==> dir [/opt/pxc/sdk/AXCF2152/2021.9/sysroots/cortexa9t2hf-neon-pxc-linux-gnueabi/usr/lib]
    arg [CMakeFiles/cmTC_a3481.dir/CMakeCXXCompilerABI.cpp.o] ==> ignore
    arg [-lstdc++] ==> lib [stdc++]
    arg [-lm] ==> lib [m]
    arg [-lgcc_s] ==> lib [gcc_s]
    arg [-lgcc] ==> lib [gcc]
    arg [-lc] ==> lib [c]
    arg [-lgcc_s] ==> lib [gcc_s]
    arg [-lgcc] ==> lib [gcc]
    arg [/opt/pxc/sdk/AXCF2152/2021.9/sysroots/cortexa9t2hf-neon-pxc-linux-gnueabi/usr/lib/arm-pxc-linux-gnueabi/9.3.0/crtendS.o] ==> obj [/opt/pxc/sdk/AXCF2152/2021.9/sysroots/cortexa9t2hf-neon-pxc-linux-gnueabi/usr/lib/arm-pxc-linux-gnueabi/9.3.0/crtendS.o]
    arg [/opt/pxc/sdk/AXCF2152/2021.9/sysroots/cortexa9t2hf-neon-pxc-linux-gnueabi/usr/lib/crtn.o] ==> obj [/opt/pxc/sdk/AXCF2152/2021.9/sysroots/cortexa9t2hf-neon-pxc-linux-gnueabi/usr/lib/crtn.o]
  collapse library dir [/opt/pxc/sdk/AXCF2152/2021.9/sysroots/x86_64-pokysdk-linux/usr/lib/arm-pxc-linux-gnueabi/gcc/arm-pxc-linux-gnueabi/9.3.0] ==> [/opt/pxc/sdk/AXCF2152/2021.9/sysroots/x86_64-pokysdk-linux/usr/lib/arm-pxc-linux-gnueabi/gcc/arm-pxc-linux-gnueabi/9.3.0]
  collapse library dir [/opt/pxc/sdk/AXCF2152/2021.9/sysroots/cortexa9t2hf-neon-pxc-linux-gnueabi/lib] ==> [/opt/pxc/sdk/AXCF2152/2021.9/sysroots/cortexa9t2hf-neon-pxc-linux-gnueabi/lib]
  collapse library dir [/opt/pxc/sdk/AXCF2152/2021.9/sysroots/cortexa9t2hf-neon-pxc-linux-gnueabi/usr/lib/arm-pxc-linux-gnueabi/9.3.0] ==> [/opt/pxc/sdk/AXCF2152/2021.9/sysroots/cortexa9t2hf-neon-pxc-linux-gnueabi/usr/lib/arm-pxc-linux-gnueabi/9.3.0]
  collapse library dir [/opt/pxc/sdk/AXCF2152/2021.9/sysroots/cortexa9t2hf-neon-pxc-linux-gnueabi/usr/lib] ==> [/opt/pxc/sdk/AXCF2152/2021.9/sysroots/cortexa9t2hf-neon-pxc-linux-gnueabi/usr/lib]
  implicit libs: [stdc++;m;gcc_s;gcc;c;gcc_s;gcc]
  implicit objs: [/opt/pxc/sdk/AXCF2152/2021.9/sysroots/cortexa9t2hf-neon-pxc-linux-gnueabi/usr/lib/Scrt1.o;/opt/pxc/sdk/AXCF2152/2021.9/sysroots/cortexa9t2hf-neon-pxc-linux-gnueabi/usr/lib/crti.o;/opt/pxc/sdk/AXCF2152/2021.9/sysroots/cortexa9t2hf-neon-pxc-linux-gnueabi/usr/lib/arm-pxc-linux-gnueabi/9.3.0/crtbeginS.o;/opt/pxc/sdk/AXCF2152/2021.9/sysroots/cortexa9t2hf-neon-pxc-linux-gnueabi/usr/lib/arm-pxc-linux-gnueabi/9.3.0/crtendS.o;/opt/pxc/sdk/AXCF2152/2021.9/sysroots/cortexa9t2hf-neon-pxc-linux-gnueabi/usr/lib/crtn.o]
  implicit dirs: [/opt/pxc/sdk/AXCF2152/2021.9/sysroots/x86_64-pokysdk-linux/usr/lib/arm-pxc-linux-gnueabi/gcc/arm-pxc-linux-gnueabi/9.3.0;/opt/pxc/sdk/AXCF2152/2021.9/sysroots/cortexa9t2hf-neon-pxc-linux-gnueabi/lib;/opt/pxc/sdk/AXCF2152/2021.9/sysroots/cortexa9t2hf-neon-pxc-linux-gnueabi/usr/lib/arm-pxc-linux-gnueabi/9.3.0;/opt/pxc/sdk/AXCF2152/2021.9/sysroots/cortexa9t2hf-neon-pxc-linux-gnueabi/usr/lib]
  implicit fwks: []


